{"D:\\Projects\\Assignment\\montech-assignment\\src\\index.js":{"path":"D:\\Projects\\Assignment\\montech-assignment\\src\\index.js","statementMap":{"0":{"start":{"line":3,"column":0},"end":{"line":5,"column":3}},"1":{"start":{"line":6,"column":0},"end":{"line":6,"column":28}},"2":{"start":{"line":7,"column":12},"end":{"line":7,"column":51}},"3":{"start":{"line":8,"column":14},"end":{"line":8,"column":55}},"4":{"start":{"line":9,"column":15},"end":{"line":9,"column":57}},"5":{"start":{"line":10,"column":24},"end":{"line":10,"column":77}},"6":{"start":{"line":11,"column":14},"end":{"line":11,"column":60}},"7":{"start":{"line":12,"column":15},"end":{"line":12,"column":65}},"8":{"start":{"line":13,"column":39},"end":{"line":13,"column":95}},"9":{"start":{"line":14,"column":10},"end":{"line":14,"column":36}},"10":{"start":{"line":15,"column":0},"end":{"line":15,"column":36}},"11":{"start":{"line":16,"column":0},"end":{"line":16,"column":33}},"12":{"start":{"line":17,"column":0},"end":{"line":17,"column":39}},"13":{"start":{"line":18,"column":0},"end":{"line":18,"column":126}},"14":{"start":{"line":19,"column":0},"end":{"line":24,"column":3}},"15":{"start":{"line":20,"column":2},"end":{"line":23,"column":5}},"16":{"start":{"line":25,"column":0},"end":{"line":25,"column":28}},"17":{"start":{"line":26,"column":11},"end":{"line":26,"column":27}},"18":{"start":{"line":27,"column":0},"end":{"line":29,"column":3}},"19":{"start":{"line":28,"column":2},"end":{"line":28,"column":41}},"20":{"start":{"line":30,"column":15},"end":{"line":30,"column":18}},"21":{"start":{"line":31,"column":0},"end":{"line":31,"column":30}}},"fnMap":{"0":{"name":"_interopRequireDefault","decl":{"start":{"line":13,"column":9},"end":{"line":13,"column":31}},"loc":{"start":{"line":13,"column":37},"end":{"line":13,"column":97}},"line":13},"1":{"name":"(anonymous_1)","decl":{"start":{"line":19,"column":14},"end":{"line":19,"column":15}},"loc":{"start":{"line":19,"column":34},"end":{"line":24,"column":1}},"line":19},"2":{"name":"(anonymous_2)","decl":{"start":{"line":27,"column":17},"end":{"line":27,"column":18}},"loc":{"start":{"line":27,"column":29},"end":{"line":29,"column":1}},"line":27}},"branchMap":{"0":{"loc":{"start":{"line":13,"column":46},"end":{"line":13,"column":94}},"type":"cond-expr","locations":[{"start":{"line":13,"column":70},"end":{"line":13,"column":73}},{"start":{"line":13,"column":76},"end":{"line":13,"column":94}}],"line":13},"1":{"loc":{"start":{"line":13,"column":46},"end":{"line":13,"column":67}},"type":"binary-expr","locations":[{"start":{"line":13,"column":46},"end":{"line":13,"column":49}},{"start":{"line":13,"column":53},"end":{"line":13,"column":67}}],"line":13}},"s":{"0":1,"1":1,"2":1,"3":1,"4":1,"5":1,"6":1,"7":1,"8":6,"9":1,"10":1,"11":1,"12":1,"13":1,"14":1,"15":0,"16":1,"17":1,"18":1,"19":1,"20":1,"21":1},"f":{"0":6,"1":0,"2":1},"b":{"0":[1,5],"1":[6,6]},"inputSourceMap":{"version":3,"names":["app","express","use","json","cors","allRoutes","swaggerUi","serve","setup","apiDocumentation","get","req","res","status","data","dotenv","config","port","process","env","PORT","listen","console","log"],"sourceRoot":"D:\\Projects\\Assignment\\montech-assignment\\src\\","sources":["index.js"],"sourcesContent":["import cors from 'cors';\r\nimport dotenv from 'dotenv';\r\nimport express from 'express';\r\nimport swaggerUi from 'swagger-ui-express';\r\n\r\nimport allRoutes from './v1/routes';\r\nimport apiDocumentation from '../swagger.json';\r\n\r\nconst app = express();\r\napp.use(express.json());\r\napp.use(cors());\r\n\r\napp.use('/api/v1', allRoutes);\r\napp.use(`/api/v1/documentation`, swaggerUi.serve, swaggerUi.setup(apiDocumentation));\r\napp.get('**', (req, res) => res.status(200).json({ status: 200, data: 'WELCOME TO Backend MONTECH APP' }));\r\n\r\ndotenv.config();\r\nconst port = process.env.PORT;\r\napp.listen(port, () => { console.log('Server Started on', port); });\r\n\r\nexport default app;\r\n"],"mappings":";;;;;;AAAA;AACA;AACA;AACA;AAEA;AACA;AAA+C;AAE/C,IAAMA,GAAG,GAAG,IAAAC,mBAAO,GAAE;AACrBD,GAAG,CAACE,GAAG,CAACD,mBAAO,CAACE,IAAI,EAAE,CAAC;AACvBH,GAAG,CAACE,GAAG,CAAC,IAAAE,gBAAI,GAAE,CAAC;AAEfJ,GAAG,CAACE,GAAG,CAAC,SAAS,EAAEG,kBAAS,CAAC;AAC7BL,GAAG,CAACE,GAAG,0BAA0BI,4BAAS,CAACC,KAAK,EAAED,4BAAS,CAACE,KAAK,CAACC,mBAAgB,CAAC,CAAC;AACpFT,GAAG,CAACU,GAAG,CAAC,IAAI,EAAE,UAACC,GAAG,EAAEC,GAAG;EAAA,OAAKA,GAAG,CAACC,MAAM,CAAC,GAAG,CAAC,CAACV,IAAI,CAAC;IAAEU,MAAM,EAAE,GAAG;IAAEC,IAAI,EAAE;EAAiC,CAAC,CAAC;AAAA,EAAC;AAE1GC,kBAAM,CAACC,MAAM,EAAE;AACf,IAAMC,IAAI,GAAGC,OAAO,CAACC,GAAG,CAACC,IAAI;AAC7BpB,GAAG,CAACqB,MAAM,CAACJ,IAAI,EAAE,YAAM;EAAEK,OAAO,CAACC,GAAG,CAAC,mBAAmB,EAAEN,IAAI,CAAC;AAAE,CAAC,CAAC;AAAC,eAErDjB,GAAG;AAAA"},"_coverageSchema":"1a1c01bbd47fc00a2c39e90264f33305004495a9","hash":"0f3d29a157fdb03bc61ff369f03c49e882d5474d","contentHash":"b84b97677ca8add9f480a49c9b4ff44939fbc72559004e293a8ca19d5389348c"},"D:\\Projects\\Assignment\\montech-assignment\\src\\v1\\routes\\index.js":{"path":"D:\\Projects\\Assignment\\montech-assignment\\src\\v1\\routes\\index.js","statementMap":{"0":{"start":{"line":3,"column":0},"end":{"line":5,"column":3}},"1":{"start":{"line":6,"column":0},"end":{"line":6,"column":28}},"2":{"start":{"line":7,"column":15},"end":{"line":7,"column":57}},"3":{"start":{"line":8,"column":18},"end":{"line":8,"column":65}},"4":{"start":{"line":9,"column":39},"end":{"line":9,"column":95}},"5":{"start":{"line":10,"column":13},"end":{"line":10,"column":39}},"6":{"start":{"line":11,"column":0},"end":{"line":11,"column":46}},"7":{"start":{"line":12,"column":15},"end":{"line":12,"column":21}},"8":{"start":{"line":13,"column":0},"end":{"line":13,"column":30}}},"fnMap":{"0":{"name":"_interopRequireDefault","decl":{"start":{"line":9,"column":9},"end":{"line":9,"column":31}},"loc":{"start":{"line":9,"column":37},"end":{"line":9,"column":97}},"line":9}},"branchMap":{"0":{"loc":{"start":{"line":9,"column":46},"end":{"line":9,"column":94}},"type":"cond-expr","locations":[{"start":{"line":9,"column":70},"end":{"line":9,"column":73}},{"start":{"line":9,"column":76},"end":{"line":9,"column":94}}],"line":9},"1":{"loc":{"start":{"line":9,"column":46},"end":{"line":9,"column":67}},"type":"binary-expr","locations":[{"start":{"line":9,"column":46},"end":{"line":9,"column":49}},{"start":{"line":9,"column":53},"end":{"line":9,"column":67}}],"line":9}},"s":{"0":1,"1":1,"2":1,"3":1,"4":2,"5":1,"6":1,"7":1,"8":1},"f":{"0":2},"b":{"0":[1,1],"1":[2,2]},"inputSourceMap":{"version":3,"names":["router","Router","use","movieRouter"],"sourceRoot":"D:\\Projects\\Assignment\\montech-assignment\\src\\v1\\routes\\","sources":["index.js"],"sourcesContent":["import Router from 'express';\r\nimport movieRouter from './movieRoute';\r\n\r\nconst router = Router();\r\nrouter.use('/movies', movieRouter);\r\n\r\nexport default router;\r\n"],"mappings":";;;;;;AAAA;AACA;AAAuC;AAEvC,IAAMA,MAAM,GAAG,IAAAC,mBAAM,GAAE;AACvBD,MAAM,CAACE,GAAG,CAAC,SAAS,EAAEC,sBAAW,CAAC;AAAC,eAEpBH,MAAM;AAAA"},"_coverageSchema":"1a1c01bbd47fc00a2c39e90264f33305004495a9","hash":"d22d1b1e46b725a2a95be5bb5cefea6553df4c8b","contentHash":"6a0f15fbdbbf6d2821c2a57bf7c72055aee43b810e56cd3eda88cd2e48d42c02"},"D:\\Projects\\Assignment\\montech-assignment\\src\\v1\\routes\\movieRoute.js":{"path":"D:\\Projects\\Assignment\\montech-assignment\\src\\v1\\routes\\movieRoute.js","statementMap":{"0":{"start":{"line":3,"column":0},"end":{"line":5,"column":3}},"1":{"start":{"line":6,"column":0},"end":{"line":6,"column":28}},"2":{"start":{"line":7,"column":15},"end":{"line":7,"column":57}},"3":{"start":{"line":8,"column":26},"end":{"line":8,"column":94}},"4":{"start":{"line":9,"column":23},"end":{"line":9,"column":88}},"5":{"start":{"line":10,"column":24},"end":{"line":10,"column":66}},"6":{"start":{"line":11,"column":39},"end":{"line":11,"column":95}},"7":{"start":{"line":12,"column":13},"end":{"line":12,"column":39}},"8":{"start":{"line":13,"column":0},"end":{"line":13,"column":443}},"9":{"start":{"line":14,"column":15},"end":{"line":14,"column":21}},"10":{"start":{"line":15,"column":0},"end":{"line":15,"column":30}}},"fnMap":{"0":{"name":"_interopRequireDefault","decl":{"start":{"line":11,"column":9},"end":{"line":11,"column":31}},"loc":{"start":{"line":11,"column":37},"end":{"line":11,"column":97}},"line":11}},"branchMap":{"0":{"loc":{"start":{"line":11,"column":46},"end":{"line":11,"column":94}},"type":"cond-expr","locations":[{"start":{"line":11,"column":70},"end":{"line":11,"column":73}},{"start":{"line":11,"column":76},"end":{"line":11,"column":94}}],"line":11},"1":{"loc":{"start":{"line":11,"column":46},"end":{"line":11,"column":67}},"type":"binary-expr","locations":[{"start":{"line":11,"column":46},"end":{"line":11,"column":49}},{"start":{"line":11,"column":53},"end":{"line":11,"column":67}}],"line":11}},"s":{"0":1,"1":1,"2":1,"3":1,"4":1,"5":1,"6":3,"7":1,"8":1,"9":1,"10":1},"f":{"0":3},"b":{"0":[2,1],"1":[3,3]},"inputSourceMap":{"version":3,"names":["router","Router","get","movieController","viewMovie","viewMovies","paginate","paginateData","deleteMovie","post","validateAddMovie","addMovie","patch","validateRankMovie","editMovie"],"sourceRoot":"D:\\Projects\\Assignment\\montech-assignment\\src\\v1\\routes\\","sources":["movieRoute.js"],"sourcesContent":["import Router from 'express';\r\nimport paginate from '../middlewares/paginateMiddleware';\r\nimport movieController from '../controllers/movieController';\r\nimport { validateAddMovie, validateRankMovie } from '../middlewares/schemaMiddleware';\r\n\r\nconst router = Router();\r\nrouter\r\n\r\n  .get('/view-movie/:id', movieController.viewMovie)\r\n  .get('/view-movies', movieController.viewMovies, paginate.paginateData)\r\n\r\n  .delete('/delete-movie/:id', movieController.deleteMovie)\r\n  .post('/add-movie', validateAddMovie, movieController.addMovie)\r\n  .patch('/ranking-movie/:id', validateRankMovie, movieController.editMovie);\r\n\r\nexport default router;\r\n"],"mappings":";;;;;;AAAA;AACA;AACA;AACA;AAAsF;AAEtF,IAAMA,MAAM,GAAG,IAAAC,mBAAM,GAAE;AACvBD,MAAM,CAEHE,GAAG,CAAC,iBAAiB,EAAEC,2BAAe,CAACC,SAAS,CAAC,CACjDF,GAAG,CAAC,cAAc,EAAEC,2BAAe,CAACE,UAAU,EAAEC,8BAAQ,CAACC,YAAY,CAAC,UAEhE,CAAC,mBAAmB,EAAEJ,2BAAe,CAACK,WAAW,CAAC,CACxDC,IAAI,CAAC,YAAY,EAAEC,kCAAgB,EAAEP,2BAAe,CAACQ,QAAQ,CAAC,CAC9DC,KAAK,CAAC,oBAAoB,EAAEC,mCAAiB,EAAEV,2BAAe,CAACW,SAAS,CAAC;AAAC,eAE9Dd,MAAM;AAAA"},"_coverageSchema":"1a1c01bbd47fc00a2c39e90264f33305004495a9","hash":"3dfc5ea6d993238a957d95a114677ad09cfb5113","contentHash":"c00bd68374c86aba8ddad735c3e5aa9193077c97df2d976561bb93a056e0d9be"},"D:\\Projects\\Assignment\\montech-assignment\\src\\v1\\middlewares\\paginateMiddleware.js":{"path":"D:\\Projects\\Assignment\\montech-assignment\\src\\v1\\middlewares\\paginateMiddleware.js","statementMap":{"0":{"start":{"line":3,"column":0},"end":{"line":5,"column":3}},"1":{"start":{"line":6,"column":0},"end":{"line":6,"column":28}},"2":{"start":{"line":7,"column":18},"end":{"line":7,"column":40}},"3":{"start":{"line":8,"column":22},"end":{"line":8,"column":82}},"4":{"start":{"line":9,"column":39},"end":{"line":9,"column":95}},"5":{"start":{"line":10,"column":50},"end":{"line":10,"column":151}},"6":{"start":{"line":10,"column":92},"end":{"line":10,"column":149}},"7":{"start":{"line":11,"column":44},"end":{"line":11,"column":315}},"8":{"start":{"line":11,"column":57},"end":{"line":11,"column":58}},"9":{"start":{"line":11,"column":102},"end":{"line":11,"column":110}},"10":{"start":{"line":11,"column":112},"end":{"line":11,"column":167}},"11":{"start":{"line":11,"column":168},"end":{"line":11,"column":199}},"12":{"start":{"line":11,"column":200},"end":{"line":11,"column":254}},"13":{"start":{"line":11,"column":227},"end":{"line":11,"column":254}},"14":{"start":{"line":11,"column":255},"end":{"line":11,"column":313}},"15":{"start":{"line":12,"column":62},"end":{"line":12,"column":131}},"16":{"start":{"line":12,"column":78},"end":{"line":12,"column":131}},"17":{"start":{"line":12,"column":132},"end":{"line":12,"column":193}},"18":{"start":{"line":12,"column":149},"end":{"line":12,"column":193}},"19":{"start":{"line":12,"column":194},"end":{"line":12,"column":263}},"20":{"start":{"line":12,"column":264},"end":{"line":12,"column":283}},"21":{"start":{"line":17,"column":32},"end":{"line":58,"column":3}},"22":{"start":{"line":19,"column":4},"end":{"line":19,"column":40}},"23":{"start":{"line":21,"column":2},"end":{"line":56,"column":6}},"24":{"start":{"line":31,"column":6},"end":{"line":54,"column":7}},"25":{"start":{"line":32,"column":8},"end":{"line":32,"column":56}},"26":{"start":{"line":33,"column":8},"end":{"line":38,"column":9}},"27":{"start":{"line":34,"column":10},"end":{"line":37,"column":12}},"28":{"start":{"line":39,"column":8},"end":{"line":44,"column":9}},"29":{"start":{"line":40,"column":10},"end":{"line":43,"column":12}},"30":{"start":{"line":45,"column":19},"end":{"line":48,"column":9}},"31":{"start":{"line":49,"column":8},"end":{"line":49,"column":112}},"32":{"start":{"line":50,"column":8},"end":{"line":50,"column":56}},"33":{"start":{"line":52,"column":8},"end":{"line":52,"column":100}},"34":{"start":{"line":53,"column":8},"end":{"line":53,"column":56}},"35":{"start":{"line":57,"column":2},"end":{"line":57,"column":22}},"36":{"start":{"line":59,"column":15},"end":{"line":59,"column":27}},"37":{"start":{"line":60,"column":0},"end":{"line":60,"column":30}}},"fnMap":{"0":{"name":"_interopRequireDefault","decl":{"start":{"line":9,"column":9},"end":{"line":9,"column":31}},"loc":{"start":{"line":9,"column":37},"end":{"line":9,"column":97}},"line":9},"1":{"name":"_classCallCheck","decl":{"start":{"line":10,"column":9},"end":{"line":10,"column":24}},"loc":{"start":{"line":10,"column":48},"end":{"line":10,"column":153}},"line":10},"2":{"name":"_defineProperties","decl":{"start":{"line":11,"column":9},"end":{"line":11,"column":26}},"loc":{"start":{"line":11,"column":42},"end":{"line":11,"column":317}},"line":11},"3":{"name":"_createClass","decl":{"start":{"line":12,"column":9},"end":{"line":12,"column":21}},"loc":{"start":{"line":12,"column":60},"end":{"line":12,"column":285}},"line":12},"4":{"name":"(anonymous_4)","decl":{"start":{"line":17,"column":32},"end":{"line":17,"column":33}},"loc":{"start":{"line":17,"column":44},"end":{"line":58,"column":1}},"line":17},"5":{"name":"PaginateData","decl":{"start":{"line":18,"column":11},"end":{"line":18,"column":23}},"loc":{"start":{"line":18,"column":26},"end":{"line":20,"column":3}},"line":18},"6":{"name":"paginateData","decl":{"start":{"line":30,"column":13},"end":{"line":30,"column":25}},"loc":{"start":{"line":30,"column":36},"end":{"line":55,"column":5}},"line":30}},"branchMap":{"0":{"loc":{"start":{"line":9,"column":46},"end":{"line":9,"column":94}},"type":"cond-expr","locations":[{"start":{"line":9,"column":70},"end":{"line":9,"column":73}},{"start":{"line":9,"column":76},"end":{"line":9,"column":94}}],"line":9},"1":{"loc":{"start":{"line":9,"column":46},"end":{"line":9,"column":67}},"type":"binary-expr","locations":[{"start":{"line":9,"column":46},"end":{"line":9,"column":49}},{"start":{"line":9,"column":53},"end":{"line":9,"column":67}}],"line":9},"2":{"loc":{"start":{"line":10,"column":50},"end":{"line":10,"column":151}},"type":"if","locations":[{"start":{"line":10,"column":50},"end":{"line":10,"column":151}},{"start":{"line":10,"column":50},"end":{"line":10,"column":151}}],"line":10},"3":{"loc":{"start":{"line":11,"column":136},"end":{"line":11,"column":166}},"type":"binary-expr","locations":[{"start":{"line":11,"column":136},"end":{"line":11,"column":157}},{"start":{"line":11,"column":161},"end":{"line":11,"column":166}}],"line":11},"4":{"loc":{"start":{"line":11,"column":200},"end":{"line":11,"column":254}},"type":"if","locations":[{"start":{"line":11,"column":200},"end":{"line":11,"column":254}},{"start":{"line":11,"column":200},"end":{"line":11,"column":254}}],"line":11},"5":{"loc":{"start":{"line":12,"column":62},"end":{"line":12,"column":131}},"type":"if","locations":[{"start":{"line":12,"column":62},"end":{"line":12,"column":131}},{"start":{"line":12,"column":62},"end":{"line":12,"column":131}}],"line":12},"6":{"loc":{"start":{"line":12,"column":132},"end":{"line":12,"column":193}},"type":"if","locations":[{"start":{"line":12,"column":132},"end":{"line":12,"column":193}},{"start":{"line":12,"column":132},"end":{"line":12,"column":193}}],"line":12},"7":{"loc":{"start":{"line":33,"column":8},"end":{"line":38,"column":9}},"type":"if","locations":[{"start":{"line":33,"column":8},"end":{"line":38,"column":9}},{"start":{"line":33,"column":8},"end":{"line":38,"column":9}}],"line":33},"8":{"loc":{"start":{"line":39,"column":8},"end":{"line":44,"column":9}},"type":"if","locations":[{"start":{"line":39,"column":8},"end":{"line":44,"column":9}},{"start":{"line":39,"column":8},"end":{"line":44,"column":9}}],"line":39},"9":{"loc":{"start":{"line":46,"column":17},"end":{"line":46,"column":36}},"type":"binary-expr","locations":[{"start":{"line":46,"column":17},"end":{"line":46,"column":31}},{"start":{"line":46,"column":35},"end":{"line":46,"column":36}}],"line":46}},"s":{"0":1,"1":1,"2":1,"3":1,"4":1,"5":0,"6":0,"7":1,"8":1,"9":1,"10":1,"11":1,"12":1,"13":1,"14":1,"15":1,"16":0,"17":1,"18":1,"19":1,"20":1,"21":1,"22":0,"23":1,"24":2,"25":2,"26":2,"27":0,"28":2,"29":0,"30":2,"31":2,"32":2,"33":0,"34":0,"35":1,"36":1,"37":1},"f":{"0":1,"1":0,"2":1,"3":1,"4":1,"5":0,"6":2},"b":{"0":[1,0],"1":[1,1],"2":[0,0],"3":[1,1],"4":[1,0],"5":[0,1],"6":[1,0],"7":[0,2],"8":[0,2],"9":[2,0]},"inputSourceMap":{"version":3,"names":["PaginateData","req","res","data","paginate","allDatata","start","Previous","page","pages","limit","skip","end","countAllData","Next","count","responseHelper","handleSuccess","OK","response","error","handleError","INTERNAL_SERVER_ERROR","toString"],"sourceRoot":"D:\\Projects\\Assignment\\montech-assignment\\src\\v1\\middlewares\\","sources":["paginateMiddleware.js"],"sourcesContent":["import { INTERNAL_SERVER_ERROR, OK } from 'http-status';\r\nimport responseHelper from '../helpers/responseHelper';\r\n\r\n/**\r\n * This class contains method (function) required to handle.\r\n * All kinds of data which paginated.\r\n */\r\nclass PaginateData {\r\n  /**\r\n  * This method handle pagination of retrived data.\r\n  * @param {object} req a datas request.\r\n  * @param {object} res a response.\r\n  * @returns {object} return status and data.\r\n  */\r\n  static paginateData(req, res) {\r\n    try {\r\n      req.data.paginate.paginate = req.data.allDatata;\r\n      if (req.data.start > 0) {\r\n        req.data.paginate.Previous = {\r\n          page: req.data.pages - 1,\r\n          limit: req.data.skip,\r\n        };\r\n      } if (req.data.end < req.data.countAllData) {\r\n        req.data.paginate.Next = {\r\n          page: req.data.pages + 1,\r\n          limit: req.data.skip,\r\n        };\r\n      }\r\n\r\n      const data = { count: req.data.count || 0, data: req.data.paginate };\r\n      responseHelper.handleSuccess(OK, `Success, page ${req.data.pages}`, data);\r\n      return responseHelper.response(res);\r\n    } catch (error) {\r\n      responseHelper.handleError(INTERNAL_SERVER_ERROR, error.toString());\r\n      return responseHelper.response(res);\r\n    }\r\n  }\r\n}\r\nexport default PaginateData;\r\n"],"mappings":";;;;;;AAAA;AACA;AAAuD;AAAA;AAAA;AAAA;AAEvD;AACA;AACA;AACA;AAHA,IAIMA,YAAY;EAAA;IAAA;EAAA;EAAA;IAAA;IAAA;IAChB;AACF;AACA;AACA;AACA;AACA;IACE,sBAAoBC,GAAG,EAAEC,GAAG,EAAE;MAC5B,IAAI;QACFD,GAAG,CAACE,IAAI,CAACC,QAAQ,CAACA,QAAQ,GAAGH,GAAG,CAACE,IAAI,CAACE,SAAS;QAC/C,IAAIJ,GAAG,CAACE,IAAI,CAACG,KAAK,GAAG,CAAC,EAAE;UACtBL,GAAG,CAACE,IAAI,CAACC,QAAQ,CAACG,QAAQ,GAAG;YAC3BC,IAAI,EAAEP,GAAG,CAACE,IAAI,CAACM,KAAK,GAAG,CAAC;YACxBC,KAAK,EAAET,GAAG,CAACE,IAAI,CAACQ;UAClB,CAAC;QACH;QAAE,IAAIV,GAAG,CAACE,IAAI,CAACS,GAAG,GAAGX,GAAG,CAACE,IAAI,CAACU,YAAY,EAAE;UAC1CZ,GAAG,CAACE,IAAI,CAACC,QAAQ,CAACU,IAAI,GAAG;YACvBN,IAAI,EAAEP,GAAG,CAACE,IAAI,CAACM,KAAK,GAAG,CAAC;YACxBC,KAAK,EAAET,GAAG,CAACE,IAAI,CAACQ;UAClB,CAAC;QACH;QAEA,IAAMR,IAAI,GAAG;UAAEY,KAAK,EAAEd,GAAG,CAACE,IAAI,CAACY,KAAK,IAAI,CAAC;UAAEZ,IAAI,EAAEF,GAAG,CAACE,IAAI,CAACC;QAAS,CAAC;QACpEY,0BAAc,CAACC,aAAa,CAACC,cAAE,0BAAmBjB,GAAG,CAACE,IAAI,CAACM,KAAK,GAAIN,IAAI,CAAC;QACzE,OAAOa,0BAAc,CAACG,QAAQ,CAACjB,GAAG,CAAC;MACrC,CAAC,CAAC,OAAOkB,KAAK,EAAE;QACdJ,0BAAc,CAACK,WAAW,CAACC,iCAAqB,EAAEF,KAAK,CAACG,QAAQ,EAAE,CAAC;QACnE,OAAOP,0BAAc,CAACG,QAAQ,CAACjB,GAAG,CAAC;MACrC;IACF;EAAC;EAAA;AAAA;AAAA,eAEYF,YAAY;AAAA"},"_coverageSchema":"1a1c01bbd47fc00a2c39e90264f33305004495a9","hash":"2f5c75343801b9832789048b15ed61364809eb06","contentHash":"486d98045e7585a32fd780fbe39ecc67cc06584c9536966e9b353ef0ff5fef46"},"D:\\Projects\\Assignment\\montech-assignment\\src\\v1\\helpers\\responseHelper.js":{"path":"D:\\Projects\\Assignment\\montech-assignment\\src\\v1\\helpers\\responseHelper.js","statementMap":{"0":{"start":{"line":3,"column":0},"end":{"line":5,"column":3}},"1":{"start":{"line":6,"column":0},"end":{"line":6,"column":28}},"2":{"start":{"line":7,"column":50},"end":{"line":7,"column":151}},"3":{"start":{"line":7,"column":92},"end":{"line":7,"column":149}},"4":{"start":{"line":8,"column":44},"end":{"line":8,"column":315}},"5":{"start":{"line":8,"column":57},"end":{"line":8,"column":58}},"6":{"start":{"line":8,"column":102},"end":{"line":8,"column":110}},"7":{"start":{"line":8,"column":112},"end":{"line":8,"column":167}},"8":{"start":{"line":8,"column":168},"end":{"line":8,"column":199}},"9":{"start":{"line":8,"column":200},"end":{"line":8,"column":254}},"10":{"start":{"line":8,"column":227},"end":{"line":8,"column":254}},"11":{"start":{"line":8,"column":255},"end":{"line":8,"column":313}},"12":{"start":{"line":9,"column":62},"end":{"line":9,"column":131}},"13":{"start":{"line":9,"column":78},"end":{"line":9,"column":131}},"14":{"start":{"line":9,"column":132},"end":{"line":9,"column":193}},"15":{"start":{"line":9,"column":149},"end":{"line":9,"column":193}},"16":{"start":{"line":9,"column":194},"end":{"line":9,"column":263}},"17":{"start":{"line":9,"column":264},"end":{"line":9,"column":283}},"18":{"start":{"line":16,"column":35},"end":{"line":73,"column":3}},"19":{"start":{"line":18,"column":4},"end":{"line":18,"column":43}},"20":{"start":{"line":20,"column":2},"end":{"line":71,"column":6}},"21":{"start":{"line":31,"column":6},"end":{"line":31,"column":35}},"22":{"start":{"line":32,"column":6},"end":{"line":32,"column":29}},"23":{"start":{"line":33,"column":6},"end":{"line":33,"column":23}},"24":{"start":{"line":34,"column":6},"end":{"line":34,"column":28}},"25":{"start":{"line":46,"column":6},"end":{"line":46,"column":35}},"26":{"start":{"line":47,"column":6},"end":{"line":47,"column":29}},"27":{"start":{"line":48,"column":6},"end":{"line":48,"column":26}},"28":{"start":{"line":59,"column":6},"end":{"line":65,"column":7}},"29":{"start":{"line":60,"column":8},"end":{"line":64,"column":11}},"30":{"start":{"line":66,"column":6},"end":{"line":69,"column":9}},"31":{"start":{"line":72,"column":2},"end":{"line":72,"column":25}},"32":{"start":{"line":74,"column":15},"end":{"line":74,"column":30}},"33":{"start":{"line":75,"column":0},"end":{"line":75,"column":30}}},"fnMap":{"0":{"name":"_classCallCheck","decl":{"start":{"line":7,"column":9},"end":{"line":7,"column":24}},"loc":{"start":{"line":7,"column":48},"end":{"line":7,"column":153}},"line":7},"1":{"name":"_defineProperties","decl":{"start":{"line":8,"column":9},"end":{"line":8,"column":26}},"loc":{"start":{"line":8,"column":42},"end":{"line":8,"column":317}},"line":8},"2":{"name":"_createClass","decl":{"start":{"line":9,"column":9},"end":{"line":9,"column":21}},"loc":{"start":{"line":9,"column":60},"end":{"line":9,"column":285}},"line":9},"3":{"name":"(anonymous_3)","decl":{"start":{"line":16,"column":35},"end":{"line":16,"column":36}},"loc":{"start":{"line":16,"column":47},"end":{"line":73,"column":1}},"line":16},"4":{"name":"ResponseHelpers","decl":{"start":{"line":17,"column":11},"end":{"line":17,"column":26}},"loc":{"start":{"line":17,"column":29},"end":{"line":19,"column":3}},"line":17},"5":{"name":"handleSuccess","decl":{"start":{"line":30,"column":13},"end":{"line":30,"column":26}},"loc":{"start":{"line":30,"column":54},"end":{"line":35,"column":5}},"line":30},"6":{"name":"handleError","decl":{"start":{"line":45,"column":20},"end":{"line":45,"column":31}},"loc":{"start":{"line":45,"column":53},"end":{"line":49,"column":5}},"line":45},"7":{"name":"response","decl":{"start":{"line":58,"column":20},"end":{"line":58,"column":28}},"loc":{"start":{"line":58,"column":34},"end":{"line":70,"column":5}},"line":58}},"branchMap":{"0":{"loc":{"start":{"line":7,"column":50},"end":{"line":7,"column":151}},"type":"if","locations":[{"start":{"line":7,"column":50},"end":{"line":7,"column":151}},{"start":{"line":7,"column":50},"end":{"line":7,"column":151}}],"line":7},"1":{"loc":{"start":{"line":8,"column":136},"end":{"line":8,"column":166}},"type":"binary-expr","locations":[{"start":{"line":8,"column":136},"end":{"line":8,"column":157}},{"start":{"line":8,"column":161},"end":{"line":8,"column":166}}],"line":8},"2":{"loc":{"start":{"line":8,"column":200},"end":{"line":8,"column":254}},"type":"if","locations":[{"start":{"line":8,"column":200},"end":{"line":8,"column":254}},{"start":{"line":8,"column":200},"end":{"line":8,"column":254}}],"line":8},"3":{"loc":{"start":{"line":9,"column":62},"end":{"line":9,"column":131}},"type":"if","locations":[{"start":{"line":9,"column":62},"end":{"line":9,"column":131}},{"start":{"line":9,"column":62},"end":{"line":9,"column":131}}],"line":9},"4":{"loc":{"start":{"line":9,"column":132},"end":{"line":9,"column":193}},"type":"if","locations":[{"start":{"line":9,"column":132},"end":{"line":9,"column":193}},{"start":{"line":9,"column":132},"end":{"line":9,"column":193}}],"line":9},"5":{"loc":{"start":{"line":59,"column":6},"end":{"line":65,"column":7}},"type":"if","locations":[{"start":{"line":59,"column":6},"end":{"line":65,"column":7}},{"start":{"line":59,"column":6},"end":{"line":65,"column":7}}],"line":59}},"s":{"0":1,"1":1,"2":0,"3":0,"4":1,"5":1,"6":3,"7":3,"8":3,"9":3,"10":3,"11":3,"12":1,"13":0,"14":1,"15":1,"16":1,"17":1,"18":1,"19":0,"20":1,"21":7,"22":7,"23":7,"24":7,"25":4,"26":4,"27":4,"28":11,"29":7,"30":4,"31":1,"32":1,"33":1},"f":{"0":0,"1":1,"2":1,"3":1,"4":0,"5":7,"6":4,"7":11},"b":{"0":[0,0],"1":[3,3],"2":[3,0],"3":[0,1],"4":[1,0],"5":[7,4]},"inputSourceMap":{"version":3,"names":["ResponseHelpers","statusCode","message","data","type","res","status","json"],"sourceRoot":"D:\\Projects\\Assignment\\montech-assignment\\src\\v1\\helpers\\","sources":["responseHelper.js"],"sourcesContent":["/**\r\n* This class contains all methods (functions) required to handle\r\n* handleSuccess function.\r\n* handleError function.\r\n* response function.\r\n*/\r\nclass ResponseHelpers {\r\n  /**\r\n   * Handle Success.\r\n   * @param {integer} statusCode status code.\r\n   * @param {integer} message message.\r\n   * @param {object} data data.\r\n   * @returns {null} .\r\n   */\r\n  static handleSuccess(statusCode, message, data) {\r\n    this.statusCode = statusCode;\r\n    this.message = message;\r\n    this.data = data;\r\n    this.type = 'success';\r\n  }\r\n\r\n  /**\r\n   * Handle Error.\r\n   * @param {integer} statusCode status code.\r\n   * @param {integer} message message.\r\n   * @returns {null} .\r\n   */\r\n  static handleError(statusCode, message) {\r\n    this.statusCode = statusCode;\r\n    this.message = message;\r\n    this.type = 'error';\r\n  }\r\n\r\n  /**\r\n   * Handle response.\r\n   * @param {object} res response.\r\n   * @returns {object} response.\r\n   */\r\n  static response(res) {\r\n    if (this.type === 'success') {\r\n      return res.status(this.statusCode).json({\r\n        status: this.statusCode,\r\n        message: this.message,\r\n        data: this.data,\r\n      });\r\n    }\r\n    return res.status(this.statusCode).json({\r\n      status: this.statusCode,\r\n      message: this.message,\r\n    });\r\n  }\r\n}\r\n\r\nexport default ResponseHelpers;\r\n"],"mappings":";;;;;;;;;AAAA;AACA;AACA;AACA;AACA;AACA;AALA,IAMMA,eAAe;EAAA;IAAA;EAAA;EAAA;IAAA;IAAA;IACnB;AACF;AACA;AACA;AACA;AACA;AACA;IACE,uBAAqBC,UAAU,EAAEC,OAAO,EAAEC,IAAI,EAAE;MAC9C,IAAI,CAACF,UAAU,GAAGA,UAAU;MAC5B,IAAI,CAACC,OAAO,GAAGA,OAAO;MACtB,IAAI,CAACC,IAAI,GAAGA,IAAI;MAChB,IAAI,CAACC,IAAI,GAAG,SAAS;IACvB;;IAEA;AACF;AACA;AACA;AACA;AACA;EALE;IAAA;IAAA,OAMA,qBAAmBH,UAAU,EAAEC,OAAO,EAAE;MACtC,IAAI,CAACD,UAAU,GAAGA,UAAU;MAC5B,IAAI,CAACC,OAAO,GAAGA,OAAO;MACtB,IAAI,CAACE,IAAI,GAAG,OAAO;IACrB;;IAEA;AACF;AACA;AACA;AACA;EAJE;IAAA;IAAA,OAKA,kBAAgBC,GAAG,EAAE;MACnB,IAAI,IAAI,CAACD,IAAI,KAAK,SAAS,EAAE;QAC3B,OAAOC,GAAG,CAACC,MAAM,CAAC,IAAI,CAACL,UAAU,CAAC,CAACM,IAAI,CAAC;UACtCD,MAAM,EAAE,IAAI,CAACL,UAAU;UACvBC,OAAO,EAAE,IAAI,CAACA,OAAO;UACrBC,IAAI,EAAE,IAAI,CAACA;QACb,CAAC,CAAC;MACJ;MACA,OAAOE,GAAG,CAACC,MAAM,CAAC,IAAI,CAACL,UAAU,CAAC,CAACM,IAAI,CAAC;QACtCD,MAAM,EAAE,IAAI,CAACL,UAAU;QACvBC,OAAO,EAAE,IAAI,CAACA;MAChB,CAAC,CAAC;IACJ;EAAC;EAAA;AAAA;AAAA,eAGYF,eAAe;AAAA"},"_coverageSchema":"1a1c01bbd47fc00a2c39e90264f33305004495a9","hash":"9b41dd7d26887fec3f765ab5eeb1fe463bd9fa72","contentHash":"48045a95985414c2ad22ab6e4792109ea7bd5867606c1f927a7551e2acb4e700"},"D:\\Projects\\Assignment\\montech-assignment\\src\\v1\\controllers\\movieController.js":{"path":"D:\\Projects\\Assignment\\montech-assignment\\src\\v1\\controllers\\movieController.js","statementMap":{"0":{"start":{"line":3,"column":51},"end":{"line":3,"column":334}},"1":{"start":{"line":3,"column":153},"end":{"line":3,"column":171}},"2":{"start":{"line":3,"column":193},"end":{"line":3,"column":317}},"3":{"start":{"line":4,"column":0},"end":{"line":6,"column":3}},"4":{"start":{"line":7,"column":0},"end":{"line":7,"column":28}},"5":{"start":{"line":8,"column":14},"end":{"line":8,"column":55}},"6":{"start":{"line":9,"column":18},"end":{"line":9,"column":40}},"7":{"start":{"line":10,"column":19},"end":{"line":10,"column":76}},"8":{"start":{"line":11,"column":22},"end":{"line":11,"column":82}},"9":{"start":{"line":12,"column":22},"end":{"line":12,"column":82}},"10":{"start":{"line":13,"column":39},"end":{"line":13,"column":95}},"11":{"start":{"line":14,"column":196},"end":{"line":14,"column":269}},"12":{"start":{"line":14,"column":251},"end":{"line":14,"column":266}},"13":{"start":{"line":14,"column":284},"end":{"line":14,"column":286}},"14":{"start":{"line":14,"column":293},"end":{"line":14,"column":309}},"15":{"start":{"line":14,"column":320},"end":{"line":14,"column":337}},"16":{"start":{"line":14,"column":349},"end":{"line":14,"column":390}},"17":{"start":{"line":14,"column":409},"end":{"line":14,"column":441}},"18":{"start":{"line":14,"column":465},"end":{"line":14,"column":507}},"19":{"start":{"line":14,"column":529},"end":{"line":14,"column":567}},"20":{"start":{"line":14,"column":604},"end":{"line":14,"column":719}},"21":{"start":{"line":14,"column":722},"end":{"line":14,"column":833}},"22":{"start":{"line":14,"column":728},"end":{"line":14,"column":743}},"23":{"start":{"line":14,"column":760},"end":{"line":14,"column":831}},"24":{"start":{"line":14,"column":804},"end":{"line":14,"column":828}},"25":{"start":{"line":14,"column":908},"end":{"line":14,"column":979}},"26":{"start":{"line":14,"column":993},"end":{"line":14,"column":1032}},"27":{"start":{"line":14,"column":1044},"end":{"line":14,"column":1074}},"28":{"start":{"line":14,"column":1076},"end":{"line":14,"column":2327}},"29":{"start":{"line":14,"column":1151},"end":{"line":14,"column":1167}},"30":{"start":{"line":14,"column":1169},"end":{"line":14,"column":2289}},"31":{"start":{"line":14,"column":1201},"end":{"line":14,"column":1276}},"32":{"start":{"line":14,"column":1228},"end":{"line":14,"column":1276}},"33":{"start":{"line":14,"column":1277},"end":{"line":14,"column":1363}},"34":{"start":{"line":14,"column":1306},"end":{"line":14,"column":1340}},"35":{"start":{"line":14,"column":1330},"end":{"line":14,"column":1340}},"36":{"start":{"line":14,"column":1341},"end":{"line":14,"column":1361}},"37":{"start":{"line":14,"column":1364},"end":{"line":14,"column":2286}},"38":{"start":{"line":14,"column":1432},"end":{"line":14,"column":1448}},"39":{"start":{"line":14,"column":1450},"end":{"line":14,"column":1626}},"40":{"start":{"line":14,"column":1487},"end":{"line":14,"column":1525}},"41":{"start":{"line":14,"column":1527},"end":{"line":14,"column":1624}},"42":{"start":{"line":14,"column":1549},"end":{"line":14,"column":1599}},"43":{"start":{"line":14,"column":1590},"end":{"line":14,"column":1599}},"44":{"start":{"line":14,"column":1600},"end":{"line":14,"column":1622}},"45":{"start":{"line":14,"column":1627},"end":{"line":14,"column":1928}},"46":{"start":{"line":14,"column":1658},"end":{"line":14,"column":1701}},"47":{"start":{"line":14,"column":1706},"end":{"line":14,"column":1928}},"48":{"start":{"line":14,"column":1740},"end":{"line":14,"column":1811}},"49":{"start":{"line":14,"column":1772},"end":{"line":14,"column":1811}},"50":{"start":{"line":14,"column":1812},"end":{"line":14,"column":1851}},"51":{"start":{"line":14,"column":1859},"end":{"line":14,"column":1928}},"52":{"start":{"line":14,"column":1929},"end":{"line":14,"column":1949}},"53":{"start":{"line":14,"column":1963},"end":{"line":14,"column":1995}},"54":{"start":{"line":14,"column":1997},"end":{"line":14,"column":2182}},"55":{"start":{"line":14,"column":2029},"end":{"line":14,"column":2130}},"56":{"start":{"line":14,"column":2121},"end":{"line":14,"column":2130}},"57":{"start":{"line":14,"column":2131},"end":{"line":14,"column":2180}},"58":{"start":{"line":14,"column":2183},"end":{"line":14,"column":2284}},"59":{"start":{"line":14,"column":2364},"end":{"line":14,"column":2474}},"60":{"start":{"line":14,"column":2370},"end":{"line":14,"column":2420}},"61":{"start":{"line":14,"column":2437},"end":{"line":14,"column":2472}},"62":{"start":{"line":14,"column":2477},"end":{"line":14,"column":2497}},"63":{"start":{"line":14,"column":2521},"end":{"line":14,"column":2523}},"64":{"start":{"line":14,"column":2646},"end":{"line":14,"column":2648}},"65":{"start":{"line":14,"column":2650},"end":{"line":14,"column":2722}},"66":{"start":{"line":14,"column":2706},"end":{"line":14,"column":2718}},"67":{"start":{"line":14,"column":2738},"end":{"line":14,"column":2759}},"68":{"start":{"line":14,"column":2787},"end":{"line":14,"column":2829}},"69":{"start":{"line":14,"column":2831},"end":{"line":14,"column":2994}},"70":{"start":{"line":14,"column":3004},"end":{"line":14,"column":3097}},"71":{"start":{"line":14,"column":3143},"end":{"line":14,"column":3283}},"72":{"start":{"line":14,"column":3199},"end":{"line":14,"column":3279}},"73":{"start":{"line":14,"column":3242},"end":{"line":14,"column":3275}},"74":{"start":{"line":14,"column":3396},"end":{"line":14,"column":3439}},"75":{"start":{"line":14,"column":3441},"end":{"line":14,"column":3933}},"76":{"start":{"line":14,"column":3485},"end":{"line":14,"column":3495}},"77":{"start":{"line":14,"column":3505},"end":{"line":14,"column":3517}},"78":{"start":{"line":14,"column":3519},"end":{"line":14,"column":3931}},"79":{"start":{"line":14,"column":3656},"end":{"line":14,"column":3695}},"80":{"start":{"line":14,"column":3716},"end":{"line":14,"column":3754}},"81":{"start":{"line":14,"column":3815},"end":{"line":14,"column":3857}},"82":{"start":{"line":14,"column":3880},"end":{"line":14,"column":3927}},"83":{"start":{"line":14,"column":3934},"end":{"line":14,"column":3953}},"84":{"start":{"line":14,"column":3977},"end":{"line":14,"column":4307}},"85":{"start":{"line":14,"column":4057},"end":{"line":14,"column":4150}},"86":{"start":{"line":14,"column":4109},"end":{"line":14,"column":4146}},"87":{"start":{"line":14,"column":4153},"end":{"line":14,"column":4304}},"88":{"start":{"line":14,"column":4373},"end":{"line":14,"column":4406}},"89":{"start":{"line":14,"column":4408},"end":{"line":14,"column":4810}},"90":{"start":{"line":14,"column":4436},"end":{"line":14,"column":4783}},"91":{"start":{"line":14,"column":4495},"end":{"line":14,"column":4676}},"92":{"start":{"line":14,"column":4652},"end":{"line":14,"column":4676}},"93":{"start":{"line":14,"column":4677},"end":{"line":14,"column":4781}},"94":{"start":{"line":14,"column":4784},"end":{"line":14,"column":4808}},"95":{"start":{"line":14,"column":4824},"end":{"line":14,"column":4872}},"96":{"start":{"line":14,"column":4874},"end":{"line":14,"column":5004}},"97":{"start":{"line":14,"column":4903},"end":{"line":14,"column":5004}},"98":{"start":{"line":14,"column":5016},"end":{"line":14,"column":5026}},"99":{"start":{"line":14,"column":5028},"end":{"line":14,"column":5401}},"100":{"start":{"line":14,"column":5446},"end":{"line":14,"column":5465}},"101":{"start":{"line":14,"column":5467},"end":{"line":14,"column":5605}},"102":{"start":{"line":14,"column":5653},"end":{"line":14,"column":5675}},"103":{"start":{"line":14,"column":5677},"end":{"line":14,"column":5746}},"104":{"start":{"line":14,"column":5781},"end":{"line":14,"column":5877}},"105":{"start":{"line":14,"column":5908},"end":{"line":14,"column":6358}},"106":{"start":{"line":14,"column":5945},"end":{"line":14,"column":5969}},"107":{"start":{"line":14,"column":5971},"end":{"line":14,"column":6028}},"108":{"start":{"line":14,"column":5991},"end":{"line":14,"column":6028}},"109":{"start":{"line":14,"column":6029},"end":{"line":14,"column":6085}},"110":{"start":{"line":14,"column":6069},"end":{"line":14,"column":6085}},"111":{"start":{"line":14,"column":6086},"end":{"line":14,"column":6356}},"112":{"start":{"line":14,"column":6125},"end":{"line":14,"column":6127}},"113":{"start":{"line":14,"column":6136},"end":{"line":14,"column":6328}},"114":{"start":{"line":14,"column":6154},"end":{"line":14,"column":6273}},"115":{"start":{"line":14,"column":6187},"end":{"line":14,"column":6271}},"116":{"start":{"line":14,"column":6217},"end":{"line":14,"column":6271}},"117":{"start":{"line":14,"column":6274},"end":{"line":14,"column":6326}},"118":{"start":{"line":14,"column":6330},"end":{"line":14,"column":6354}},"119":{"start":{"line":14,"column":6359},"end":{"line":14,"column":6387}},"120":{"start":{"line":14,"column":6414},"end":{"line":14,"column":6452}},"121":{"start":{"line":14,"column":6455},"end":{"line":14,"column":11795}},"122":{"start":{"line":14,"column":6814},"end":{"line":14,"column":6863}},"123":{"start":{"line":14,"column":6865},"end":{"line":14,"column":6970}},"124":{"start":{"line":14,"column":7009},"end":{"line":14,"column":7250}},"125":{"start":{"line":14,"column":7287},"end":{"line":14,"column":7311}},"126":{"start":{"line":14,"column":7430},"end":{"line":14,"column":7442}},"127":{"start":{"line":14,"column":7564},"end":{"line":14,"column":7614}},"128":{"start":{"line":14,"column":7626},"end":{"line":14,"column":7699}},"129":{"start":{"line":14,"column":7701},"end":{"line":14,"column":7843}},"130":{"start":{"line":14,"column":7791},"end":{"line":14,"column":7839}},"131":{"start":{"line":14,"column":7959},"end":{"line":14,"column":7971}},"132":{"start":{"line":14,"column":8013},"end":{"line":14,"column":8041}},"133":{"start":{"line":14,"column":8092},"end":{"line":14,"column":8094}},"134":{"start":{"line":14,"column":8096},"end":{"line":14,"column":8139}},"135":{"start":{"line":14,"column":8122},"end":{"line":14,"column":8137}},"136":{"start":{"line":14,"column":8140},"end":{"line":14,"column":8325}},"137":{"start":{"line":14,"column":8181},"end":{"line":14,"column":8293}},"138":{"start":{"line":14,"column":8214},"end":{"line":14,"column":8224}},"139":{"start":{"line":14,"column":8226},"end":{"line":14,"column":8291}},"140":{"start":{"line":14,"column":8245},"end":{"line":14,"column":8291}},"141":{"start":{"line":14,"column":8294},"end":{"line":14,"column":8322}},"142":{"start":{"line":14,"column":8437},"end":{"line":14,"column":8776}},"143":{"start":{"line":14,"column":8645},"end":{"line":14,"column":8776}},"144":{"start":{"line":14,"column":8670},"end":{"line":14,"column":8774}},"145":{"start":{"line":14,"column":8804},"end":{"line":14,"column":8819}},"146":{"start":{"line":14,"column":8837},"end":{"line":14,"column":8866}},"147":{"start":{"line":14,"column":8868},"end":{"line":14,"column":8922}},"148":{"start":{"line":14,"column":8901},"end":{"line":14,"column":8922}},"149":{"start":{"line":14,"column":8923},"end":{"line":14,"column":8940}},"150":{"start":{"line":14,"column":9003},"end":{"line":14,"column":9034}},"151":{"start":{"line":14,"column":9018},"end":{"line":14,"column":9034}},"152":{"start":{"line":14,"column":9049},"end":{"line":14,"column":9053}},"153":{"start":{"line":14,"column":9086},"end":{"line":14,"column":9231}},"154":{"start":{"line":14,"column":9234},"end":{"line":14,"column":9938}},"155":{"start":{"line":14,"column":9247},"end":{"line":14,"column":9273}},"156":{"start":{"line":14,"column":9302},"end":{"line":14,"column":9320}},"157":{"start":{"line":14,"column":9331},"end":{"line":14,"column":9347}},"158":{"start":{"line":14,"column":9349},"end":{"line":14,"column":9399}},"159":{"start":{"line":14,"column":9378},"end":{"line":14,"column":9399}},"160":{"start":{"line":14,"column":9400},"end":{"line":14,"column":9936}},"161":{"start":{"line":14,"column":9448},"end":{"line":14,"column":9478}},"162":{"start":{"line":14,"column":9493},"end":{"line":14,"column":9525}},"163":{"start":{"line":14,"column":9527},"end":{"line":14,"column":9934}},"164":{"start":{"line":14,"column":9557},"end":{"line":14,"column":9623}},"165":{"start":{"line":14,"column":9589},"end":{"line":14,"column":9623}},"166":{"start":{"line":14,"column":9624},"end":{"line":14,"column":9690}},"167":{"start":{"line":14,"column":9658},"end":{"line":14,"column":9690}},"168":{"start":{"line":14,"column":9698},"end":{"line":14,"column":9934}},"169":{"start":{"line":14,"column":9714},"end":{"line":14,"column":9780}},"170":{"start":{"line":14,"column":9746},"end":{"line":14,"column":9780}},"171":{"start":{"line":14,"column":9790},"end":{"line":14,"column":9865}},"172":{"start":{"line":14,"column":9807},"end":{"line":14,"column":9865}},"173":{"start":{"line":14,"column":9866},"end":{"line":14,"column":9932}},"174":{"start":{"line":14,"column":9900},"end":{"line":14,"column":9932}},"175":{"start":{"line":14,"column":9979},"end":{"line":14,"column":10204}},"176":{"start":{"line":14,"column":9992},"end":{"line":14,"column":10018}},"177":{"start":{"line":14,"column":10047},"end":{"line":14,"column":10065}},"178":{"start":{"line":14,"column":10067},"end":{"line":14,"column":10202}},"179":{"start":{"line":14,"column":10187},"end":{"line":14,"column":10192}},"180":{"start":{"line":14,"column":10194},"end":{"line":14,"column":10200}},"181":{"start":{"line":14,"column":10205},"end":{"line":14,"column":10352}},"182":{"start":{"line":14,"column":10366},"end":{"line":14,"column":10409}},"183":{"start":{"line":14,"column":10411},"end":{"line":14,"column":10573}},"184":{"start":{"line":14,"column":10625},"end":{"line":14,"column":10671}},"185":{"start":{"line":14,"column":10654},"end":{"line":14,"column":10671}},"186":{"start":{"line":14,"column":10672},"end":{"line":14,"column":10949}},"187":{"start":{"line":14,"column":10991},"end":{"line":14,"column":11213}},"188":{"start":{"line":14,"column":11004},"end":{"line":14,"column":11030}},"189":{"start":{"line":14,"column":11059},"end":{"line":14,"column":11077}},"190":{"start":{"line":14,"column":11079},"end":{"line":14,"column":11211}},"191":{"start":{"line":14,"column":11116},"end":{"line":14,"column":11211}},"192":{"start":{"line":14,"column":11252},"end":{"line":14,"column":11500}},"193":{"start":{"line":14,"column":11265},"end":{"line":14,"column":11291}},"194":{"start":{"line":14,"column":11320},"end":{"line":14,"column":11338}},"195":{"start":{"line":14,"column":11340},"end":{"line":14,"column":11498}},"196":{"start":{"line":14,"column":11384},"end":{"line":14,"column":11400}},"197":{"start":{"line":14,"column":11402},"end":{"line":14,"column":11481}},"198":{"start":{"line":14,"column":11446},"end":{"line":14,"column":11456}},"199":{"start":{"line":14,"column":11458},"end":{"line":14,"column":11479}},"200":{"start":{"line":14,"column":11482},"end":{"line":14,"column":11496}},"201":{"start":{"line":14,"column":11501},"end":{"line":14,"column":11542}},"202":{"start":{"line":14,"column":11617},"end":{"line":14,"column":11781}},"203":{"start":{"line":15,"column":77},"end":{"line":15,"column":175}},"204":{"start":{"line":15,"column":94},"end":{"line":15,"column":107}},"205":{"start":{"line":15,"column":121},"end":{"line":15,"column":131}},"206":{"start":{"line":15,"column":151},"end":{"line":15,"column":165}},"207":{"start":{"line":15,"column":166},"end":{"line":15,"column":173}},"208":{"start":{"line":15,"column":176},"end":{"line":15,"column":263}},"209":{"start":{"line":15,"column":193},"end":{"line":15,"column":208}},"210":{"start":{"line":15,"column":218},"end":{"line":15,"column":261}},"211":{"start":{"line":16,"column":33},"end":{"line":16,"column":387}},"212":{"start":{"line":16,"column":65},"end":{"line":16,"column":69}},"213":{"start":{"line":16,"column":78},"end":{"line":16,"column":87}},"214":{"start":{"line":16,"column":89},"end":{"line":16,"column":384}},"215":{"start":{"line":16,"column":147},"end":{"line":16,"column":167}},"216":{"start":{"line":16,"column":193},"end":{"line":16,"column":264}},"217":{"start":{"line":16,"column":290},"end":{"line":16,"column":360}},"218":{"start":{"line":16,"column":363},"end":{"line":16,"column":380}},"219":{"start":{"line":17,"column":50},"end":{"line":17,"column":151}},"220":{"start":{"line":17,"column":92},"end":{"line":17,"column":149}},"221":{"start":{"line":18,"column":44},"end":{"line":18,"column":315}},"222":{"start":{"line":18,"column":57},"end":{"line":18,"column":58}},"223":{"start":{"line":18,"column":102},"end":{"line":18,"column":110}},"224":{"start":{"line":18,"column":112},"end":{"line":18,"column":167}},"225":{"start":{"line":18,"column":168},"end":{"line":18,"column":199}},"226":{"start":{"line":18,"column":200},"end":{"line":18,"column":254}},"227":{"start":{"line":18,"column":227},"end":{"line":18,"column":254}},"228":{"start":{"line":18,"column":255},"end":{"line":18,"column":313}},"229":{"start":{"line":19,"column":62},"end":{"line":19,"column":131}},"230":{"start":{"line":19,"column":78},"end":{"line":19,"column":131}},"231":{"start":{"line":19,"column":132},"end":{"line":19,"column":193}},"232":{"start":{"line":19,"column":149},"end":{"line":19,"column":193}},"233":{"start":{"line":19,"column":194},"end":{"line":19,"column":263}},"234":{"start":{"line":19,"column":264},"end":{"line":19,"column":283}},"235":{"start":{"line":20,"column":0},"end":{"line":20,"column":28}},"236":{"start":{"line":30,"column":35},"end":{"line":293,"column":3}},"237":{"start":{"line":32,"column":4},"end":{"line":32,"column":43}},"238":{"start":{"line":34,"column":2},"end":{"line":291,"column":6}},"239":{"start":{"line":45,"column":24},"end":{"line":100,"column":9}},"240":{"start":{"line":47,"column":8},"end":{"line":99,"column":37}},"241":{"start":{"line":48,"column":10},"end":{"line":98,"column":11}},"242":{"start":{"line":49,"column":12},"end":{"line":97,"column":13}},"243":{"start":{"line":51,"column":16},"end":{"line":51,"column":34}},"244":{"start":{"line":52,"column":16},"end":{"line":52,"column":34}},"245":{"start":{"line":53,"column":16},"end":{"line":53,"column":74}},"246":{"start":{"line":55,"column":16},"end":{"line":55,"column":54}},"247":{"start":{"line":56,"column":16},"end":{"line":56,"column":52}},"248":{"start":{"line":57,"column":16},"end":{"line":57,"column":48}},"249":{"start":{"line":58,"column":16},"end":{"line":58,"column":52}},"250":{"start":{"line":59,"column":16},"end":{"line":59,"column":50}},"251":{"start":{"line":60,"column":16},"end":{"line":60,"column":58}},"252":{"start":{"line":61,"column":16},"end":{"line":61,"column":35}},"253":{"start":{"line":62,"column":16},"end":{"line":62,"column":71}},"254":{"start":{"line":64,"column":16},"end":{"line":64,"column":37}},"255":{"start":{"line":65,"column":16},"end":{"line":65,"column":35}},"256":{"start":{"line":66,"column":16},"end":{"line":66,"column":61}},"257":{"start":{"line":68,"column":16},"end":{"line":68,"column":38}},"258":{"start":{"line":69,"column":16},"end":{"line":69,"column":42}},"259":{"start":{"line":70,"column":16},"end":{"line":70,"column":38}},"260":{"start":{"line":71,"column":16},"end":{"line":74,"column":17}},"261":{"start":{"line":72,"column":18},"end":{"line":72,"column":37}},"262":{"start":{"line":73,"column":18},"end":{"line":73,"column":24}},"263":{"start":{"line":75,"column":16},"end":{"line":75,"column":111}},"264":{"start":{"line":76,"column":16},"end":{"line":76,"column":91}},"265":{"start":{"line":78,"column":16},"end":{"line":87,"column":18}},"266":{"start":{"line":88,"column":16},"end":{"line":88,"column":57}},"267":{"start":{"line":90,"column":16},"end":{"line":90,"column":35}},"268":{"start":{"line":91,"column":16},"end":{"line":91,"column":51}},"269":{"start":{"line":92,"column":16},"end":{"line":92,"column":114}},"270":{"start":{"line":93,"column":16},"end":{"line":93,"column":91}},"271":{"start":{"line":96,"column":16},"end":{"line":96,"column":39}},"272":{"start":{"line":102,"column":8},"end":{"line":102,"column":50}},"273":{"start":{"line":104,"column":6},"end":{"line":104,"column":24}},"274":{"start":{"line":115,"column":23},"end":{"line":146,"column":9}},"275":{"start":{"line":117,"column":8},"end":{"line":145,"column":38}},"276":{"start":{"line":118,"column":10},"end":{"line":144,"column":11}},"277":{"start":{"line":119,"column":12},"end":{"line":143,"column":13}},"278":{"start":{"line":121,"column":16},"end":{"line":121,"column":35}},"279":{"start":{"line":122,"column":16},"end":{"line":122,"column":35}},"280":{"start":{"line":123,"column":16},"end":{"line":123,"column":72}},"281":{"start":{"line":125,"column":16},"end":{"line":125,"column":38}},"282":{"start":{"line":126,"column":16},"end":{"line":129,"column":17}},"283":{"start":{"line":127,"column":18},"end":{"line":127,"column":37}},"284":{"start":{"line":128,"column":18},"end":{"line":128,"column":24}},"285":{"start":{"line":130,"column":16},"end":{"line":130,"column":132}},"286":{"start":{"line":131,"column":16},"end":{"line":131,"column":92}},"287":{"start":{"line":133,"column":16},"end":{"line":133,"column":90}},"288":{"start":{"line":134,"column":16},"end":{"line":134,"column":92}},"289":{"start":{"line":136,"column":16},"end":{"line":136,"column":36}},"290":{"start":{"line":137,"column":16},"end":{"line":137,"column":53}},"291":{"start":{"line":138,"column":16},"end":{"line":138,"column":115}},"292":{"start":{"line":139,"column":16},"end":{"line":139,"column":92}},"293":{"start":{"line":142,"column":16},"end":{"line":142,"column":40}},"294":{"start":{"line":148,"column":8},"end":{"line":148,"column":49}},"295":{"start":{"line":150,"column":6},"end":{"line":150,"column":23}},"296":{"start":{"line":161,"column":22},"end":{"line":185,"column":9}},"297":{"start":{"line":163,"column":8},"end":{"line":184,"column":37}},"298":{"start":{"line":164,"column":10},"end":{"line":183,"column":11}},"299":{"start":{"line":165,"column":12},"end":{"line":182,"column":13}},"300":{"start":{"line":167,"column":16},"end":{"line":167,"column":35}},"301":{"start":{"line":168,"column":16},"end":{"line":168,"column":35}},"302":{"start":{"line":169,"column":16},"end":{"line":169,"column":66}},"303":{"start":{"line":171,"column":16},"end":{"line":171,"column":38}},"304":{"start":{"line":172,"column":16},"end":{"line":172,"column":95}},"305":{"start":{"line":173,"column":16},"end":{"line":173,"column":92}},"306":{"start":{"line":175,"column":16},"end":{"line":175,"column":35}},"307":{"start":{"line":176,"column":16},"end":{"line":176,"column":53}},"308":{"start":{"line":177,"column":16},"end":{"line":177,"column":115}},"309":{"start":{"line":178,"column":16},"end":{"line":178,"column":92}},"310":{"start":{"line":181,"column":16},"end":{"line":181,"column":40}},"311":{"start":{"line":187,"column":8},"end":{"line":187,"column":48}},"312":{"start":{"line":189,"column":6},"end":{"line":189,"column":22}},"313":{"start":{"line":200,"column":23},"end":{"line":235,"column":9}},"314":{"start":{"line":202,"column":8},"end":{"line":234,"column":38}},"315":{"start":{"line":203,"column":10},"end":{"line":233,"column":11}},"316":{"start":{"line":204,"column":12},"end":{"line":232,"column":13}},"317":{"start":{"line":206,"column":16},"end":{"line":206,"column":35}},"318":{"start":{"line":207,"column":16},"end":{"line":207,"column":35}},"319":{"start":{"line":208,"column":16},"end":{"line":208,"column":72}},"320":{"start":{"line":210,"column":16},"end":{"line":210,"column":38}},"321":{"start":{"line":211,"column":16},"end":{"line":214,"column":17}},"322":{"start":{"line":212,"column":18},"end":{"line":212,"column":37}},"323":{"start":{"line":213,"column":18},"end":{"line":213,"column":24}},"324":{"start":{"line":215,"column":16},"end":{"line":215,"column":132}},"325":{"start":{"line":216,"column":16},"end":{"line":216,"column":92}},"326":{"start":{"line":218,"column":16},"end":{"line":218,"column":35}},"327":{"start":{"line":219,"column":16},"end":{"line":219,"column":82}},"328":{"start":{"line":221,"column":16},"end":{"line":221,"column":38}},"329":{"start":{"line":222,"column":16},"end":{"line":222,"column":90}},"330":{"start":{"line":223,"column":16},"end":{"line":223,"column":92}},"331":{"start":{"line":225,"column":16},"end":{"line":225,"column":36}},"332":{"start":{"line":226,"column":16},"end":{"line":226,"column":53}},"333":{"start":{"line":227,"column":16},"end":{"line":227,"column":115}},"334":{"start":{"line":228,"column":16},"end":{"line":228,"column":92}},"335":{"start":{"line":231,"column":16},"end":{"line":231,"column":40}},"336":{"start":{"line":237,"column":8},"end":{"line":237,"column":49}},"337":{"start":{"line":239,"column":6},"end":{"line":239,"column":23}},"338":{"start":{"line":250,"column":25},"end":{"line":285,"column":9}},"339":{"start":{"line":252,"column":8},"end":{"line":284,"column":38}},"340":{"start":{"line":253,"column":10},"end":{"line":283,"column":11}},"341":{"start":{"line":254,"column":12},"end":{"line":282,"column":13}},"342":{"start":{"line":256,"column":16},"end":{"line":256,"column":35}},"343":{"start":{"line":257,"column":16},"end":{"line":257,"column":35}},"344":{"start":{"line":258,"column":16},"end":{"line":258,"column":72}},"345":{"start":{"line":260,"column":16},"end":{"line":260,"column":38}},"346":{"start":{"line":261,"column":16},"end":{"line":264,"column":17}},"347":{"start":{"line":262,"column":18},"end":{"line":262,"column":37}},"348":{"start":{"line":263,"column":18},"end":{"line":263,"column":24}},"349":{"start":{"line":265,"column":16},"end":{"line":265,"column":132}},"350":{"start":{"line":266,"column":16},"end":{"line":266,"column":92}},"351":{"start":{"line":268,"column":16},"end":{"line":268,"column":35}},"352":{"start":{"line":269,"column":16},"end":{"line":269,"column":74}},"353":{"start":{"line":271,"column":16},"end":{"line":271,"column":38}},"354":{"start":{"line":272,"column":16},"end":{"line":272,"column":84}},"355":{"start":{"line":273,"column":16},"end":{"line":273,"column":92}},"356":{"start":{"line":275,"column":16},"end":{"line":275,"column":36}},"357":{"start":{"line":276,"column":16},"end":{"line":276,"column":53}},"358":{"start":{"line":277,"column":16},"end":{"line":277,"column":115}},"359":{"start":{"line":278,"column":16},"end":{"line":278,"column":92}},"360":{"start":{"line":281,"column":16},"end":{"line":281,"column":40}},"361":{"start":{"line":287,"column":8},"end":{"line":287,"column":51}},"362":{"start":{"line":289,"column":6},"end":{"line":289,"column":25}},"363":{"start":{"line":292,"column":2},"end":{"line":292,"column":25}},"364":{"start":{"line":294,"column":15},"end":{"line":294,"column":30}},"365":{"start":{"line":295,"column":0},"end":{"line":295,"column":30}}},"fnMap":{"0":{"name":"_typeof","decl":{"start":{"line":3,"column":9},"end":{"line":3,"column":16}},"loc":{"start":{"line":3,"column":22},"end":{"line":3,"column":336}},"line":3},"1":{"name":"(anonymous_1)","decl":{"start":{"line":3,"column":136},"end":{"line":3,"column":137}},"loc":{"start":{"line":3,"column":151},"end":{"line":3,"column":173}},"line":3},"2":{"name":"(anonymous_2)","decl":{"start":{"line":3,"column":176},"end":{"line":3,"column":177}},"loc":{"start":{"line":3,"column":191},"end":{"line":3,"column":319}},"line":3},"3":{"name":"_interopRequireDefault","decl":{"start":{"line":13,"column":9},"end":{"line":13,"column":31}},"loc":{"start":{"line":13,"column":37},"end":{"line":13,"column":97}},"line":13},"4":{"name":"_regeneratorRuntime","decl":{"start":{"line":14,"column":9},"end":{"line":14,"column":28}},"loc":{"start":{"line":14,"column":31},"end":{"line":14,"column":11797}},"line":14},"5":{"name":"_regeneratorRuntime","decl":{"start":{"line":14,"column":227},"end":{"line":14,"column":246}},"loc":{"start":{"line":14,"column":249},"end":{"line":14,"column":268}},"line":14},"6":{"name":"define","decl":{"start":{"line":14,"column":578},"end":{"line":14,"column":584}},"loc":{"start":{"line":14,"column":602},"end":{"line":14,"column":721}},"line":14},"7":{"name":"define","decl":{"start":{"line":14,"column":778},"end":{"line":14,"column":784}},"loc":{"start":{"line":14,"column":802},"end":{"line":14,"column":830}},"line":14},"8":{"name":"wrap","decl":{"start":{"line":14,"column":843},"end":{"line":14,"column":847}},"loc":{"start":{"line":14,"column":885},"end":{"line":14,"column":2329}},"line":14},"9":{"name":"(anonymous_9)","decl":{"start":{"line":14,"column":1103},"end":{"line":14,"column":1104}},"loc":{"start":{"line":14,"column":1137},"end":{"line":14,"column":2291}},"line":14},"10":{"name":"(anonymous_10)","decl":{"start":{"line":14,"column":1176},"end":{"line":14,"column":1177}},"loc":{"start":{"line":14,"column":1199},"end":{"line":14,"column":2288}},"line":14},"11":{"name":"tryCatch","decl":{"start":{"line":14,"column":2339},"end":{"line":14,"column":2347}},"loc":{"start":{"line":14,"column":2362},"end":{"line":14,"column":2476}},"line":14},"12":{"name":"Generator","decl":{"start":{"line":14,"column":2534},"end":{"line":14,"column":2543}},"loc":{"start":{"line":14,"column":2546},"end":{"line":14,"column":2548}},"line":14},"13":{"name":"GeneratorFunction","decl":{"start":{"line":14,"column":2558},"end":{"line":14,"column":2575}},"loc":{"start":{"line":14,"column":2578},"end":{"line":14,"column":2580}},"line":14},"14":{"name":"GeneratorFunctionPrototype","decl":{"start":{"line":14,"column":2590},"end":{"line":14,"column":2616}},"loc":{"start":{"line":14,"column":2619},"end":{"line":14,"column":2621}},"line":14},"15":{"name":"(anonymous_15)","decl":{"start":{"line":14,"column":2692},"end":{"line":14,"column":2693}},"loc":{"start":{"line":14,"column":2704},"end":{"line":14,"column":2720}},"line":14},"16":{"name":"defineIteratorMethods","decl":{"start":{"line":14,"column":3108},"end":{"line":14,"column":3129}},"loc":{"start":{"line":14,"column":3141},"end":{"line":14,"column":3285}},"line":14},"17":{"name":"(anonymous_17)","decl":{"start":{"line":14,"column":3179},"end":{"line":14,"column":3180}},"loc":{"start":{"line":14,"column":3197},"end":{"line":14,"column":3281}},"line":14},"18":{"name":"(anonymous_18)","decl":{"start":{"line":14,"column":3225},"end":{"line":14,"column":3226}},"loc":{"start":{"line":14,"column":3240},"end":{"line":14,"column":3277}},"line":14},"19":{"name":"AsyncIterator","decl":{"start":{"line":14,"column":3295},"end":{"line":14,"column":3308}},"loc":{"start":{"line":14,"column":3333},"end":{"line":14,"column":4309}},"line":14},"20":{"name":"invoke","decl":{"start":{"line":14,"column":3344},"end":{"line":14,"column":3350}},"loc":{"start":{"line":14,"column":3381},"end":{"line":14,"column":3955}},"line":14},"21":{"name":"(anonymous_21)","decl":{"start":{"line":14,"column":3637},"end":{"line":14,"column":3638}},"loc":{"start":{"line":14,"column":3654},"end":{"line":14,"column":3697}},"line":14},"22":{"name":"(anonymous_22)","decl":{"start":{"line":14,"column":3699},"end":{"line":14,"column":3700}},"loc":{"start":{"line":14,"column":3714},"end":{"line":14,"column":3756}},"line":14},"23":{"name":"(anonymous_23)","decl":{"start":{"line":14,"column":3792},"end":{"line":14,"column":3793}},"loc":{"start":{"line":14,"column":3813},"end":{"line":14,"column":3859}},"line":14},"24":{"name":"(anonymous_24)","decl":{"start":{"line":14,"column":3861},"end":{"line":14,"column":3862}},"loc":{"start":{"line":14,"column":3878},"end":{"line":14,"column":3929}},"line":14},"25":{"name":"(anonymous_25)","decl":{"start":{"line":14,"column":3992},"end":{"line":14,"column":3993}},"loc":{"start":{"line":14,"column":4015},"end":{"line":14,"column":4306}},"line":14},"26":{"name":"callInvokeWithMethodAndArg","decl":{"start":{"line":14,"column":4026},"end":{"line":14,"column":4052}},"loc":{"start":{"line":14,"column":4055},"end":{"line":14,"column":4152}},"line":14},"27":{"name":"(anonymous_27)","decl":{"start":{"line":14,"column":4080},"end":{"line":14,"column":4081}},"loc":{"start":{"line":14,"column":4107},"end":{"line":14,"column":4148}},"line":14},"28":{"name":"maybeInvokeDelegate","decl":{"start":{"line":14,"column":4319},"end":{"line":14,"column":4338}},"loc":{"start":{"line":14,"column":4358},"end":{"line":14,"column":5403}},"line":14},"29":{"name":"pushTryEntry","decl":{"start":{"line":14,"column":5413},"end":{"line":14,"column":5425}},"loc":{"start":{"line":14,"column":5432},"end":{"line":14,"column":5607}},"line":14},"30":{"name":"resetTryEntry","decl":{"start":{"line":14,"column":5617},"end":{"line":14,"column":5630}},"loc":{"start":{"line":14,"column":5638},"end":{"line":14,"column":5748}},"line":14},"31":{"name":"Context","decl":{"start":{"line":14,"column":5758},"end":{"line":14,"column":5765}},"loc":{"start":{"line":14,"column":5779},"end":{"line":14,"column":5879}},"line":14},"32":{"name":"values","decl":{"start":{"line":14,"column":5889},"end":{"line":14,"column":5895}},"loc":{"start":{"line":14,"column":5906},"end":{"line":14,"column":6389}},"line":14},"33":{"name":"next","decl":{"start":{"line":14,"column":6145},"end":{"line":14,"column":6149}},"loc":{"start":{"line":14,"column":6152},"end":{"line":14,"column":6328}},"line":14},"34":{"name":"doneResult","decl":{"start":{"line":14,"column":6399},"end":{"line":14,"column":6409}},"loc":{"start":{"line":14,"column":6412},"end":{"line":14,"column":6454}},"line":14},"35":{"name":"(anonymous_35)","decl":{"start":{"line":14,"column":6783},"end":{"line":14,"column":6784}},"loc":{"start":{"line":14,"column":6801},"end":{"line":14,"column":6972}},"line":14},"36":{"name":"(anonymous_36)","decl":{"start":{"line":14,"column":6989},"end":{"line":14,"column":6990}},"loc":{"start":{"line":14,"column":7007},"end":{"line":14,"column":7252}},"line":14},"37":{"name":"(anonymous_37)","decl":{"start":{"line":14,"column":7270},"end":{"line":14,"column":7271}},"loc":{"start":{"line":14,"column":7285},"end":{"line":14,"column":7313}},"line":14},"38":{"name":"(anonymous_38)","decl":{"start":{"line":14,"column":7416},"end":{"line":14,"column":7417}},"loc":{"start":{"line":14,"column":7428},"end":{"line":14,"column":7444}},"line":14},"39":{"name":"(anonymous_39)","decl":{"start":{"line":14,"column":7502},"end":{"line":14,"column":7503}},"loc":{"start":{"line":14,"column":7562},"end":{"line":14,"column":7845}},"line":14},"40":{"name":"(anonymous_40)","decl":{"start":{"line":14,"column":7771},"end":{"line":14,"column":7772}},"loc":{"start":{"line":14,"column":7789},"end":{"line":14,"column":7841}},"line":14},"41":{"name":"(anonymous_41)","decl":{"start":{"line":14,"column":7945},"end":{"line":14,"column":7946}},"loc":{"start":{"line":14,"column":7957},"end":{"line":14,"column":7973}},"line":14},"42":{"name":"(anonymous_42)","decl":{"start":{"line":14,"column":7999},"end":{"line":14,"column":8000}},"loc":{"start":{"line":14,"column":8011},"end":{"line":14,"column":8043}},"line":14},"43":{"name":"(anonymous_43)","decl":{"start":{"line":14,"column":8061},"end":{"line":14,"column":8062}},"loc":{"start":{"line":14,"column":8079},"end":{"line":14,"column":8327}},"line":14},"44":{"name":"next","decl":{"start":{"line":14,"column":8172},"end":{"line":14,"column":8176}},"loc":{"start":{"line":14,"column":8179},"end":{"line":14,"column":8324}},"line":14},"45":{"name":"reset","decl":{"start":{"line":14,"column":8414},"end":{"line":14,"column":8419}},"loc":{"start":{"line":14,"column":8435},"end":{"line":14,"column":8778}},"line":14},"46":{"name":"stop","decl":{"start":{"line":14,"column":8795},"end":{"line":14,"column":8799}},"loc":{"start":{"line":14,"column":8802},"end":{"line":14,"column":8942}},"line":14},"47":{"name":"dispatchException","decl":{"start":{"line":14,"column":8972},"end":{"line":14,"column":8989}},"loc":{"start":{"line":14,"column":9001},"end":{"line":14,"column":9940}},"line":14},"48":{"name":"handle","decl":{"start":{"line":14,"column":9064},"end":{"line":14,"column":9070}},"loc":{"start":{"line":14,"column":9084},"end":{"line":14,"column":9233}},"line":14},"49":{"name":"abrupt","decl":{"start":{"line":14,"column":9959},"end":{"line":14,"column":9965}},"loc":{"start":{"line":14,"column":9977},"end":{"line":14,"column":10575}},"line":14},"50":{"name":"complete","decl":{"start":{"line":14,"column":10596},"end":{"line":14,"column":10604}},"loc":{"start":{"line":14,"column":10623},"end":{"line":14,"column":10951}},"line":14},"51":{"name":"finish","decl":{"start":{"line":14,"column":10970},"end":{"line":14,"column":10976}},"loc":{"start":{"line":14,"column":10989},"end":{"line":14,"column":11215}},"line":14},"52":{"name":"_catch","decl":{"start":{"line":14,"column":11235},"end":{"line":14,"column":11241}},"loc":{"start":{"line":14,"column":11250},"end":{"line":14,"column":11544}},"line":14},"53":{"name":"delegateYield","decl":{"start":{"line":14,"column":11570},"end":{"line":14,"column":11583}},"loc":{"start":{"line":14,"column":11615},"end":{"line":14,"column":11783}},"line":14},"54":{"name":"asyncGeneratorStep","decl":{"start":{"line":15,"column":9},"end":{"line":15,"column":27}},"loc":{"start":{"line":15,"column":75},"end":{"line":15,"column":265}},"line":15},"55":{"name":"_asyncToGenerator","decl":{"start":{"line":16,"column":9},"end":{"line":16,"column":26}},"loc":{"start":{"line":16,"column":31},"end":{"line":16,"column":389}},"line":16},"56":{"name":"(anonymous_56)","decl":{"start":{"line":16,"column":40},"end":{"line":16,"column":41}},"loc":{"start":{"line":16,"column":52},"end":{"line":16,"column":386}},"line":16},"57":{"name":"(anonymous_57)","decl":{"start":{"line":16,"column":108},"end":{"line":16,"column":109}},"loc":{"start":{"line":16,"column":135},"end":{"line":16,"column":382}},"line":16},"58":{"name":"_next","decl":{"start":{"line":16,"column":178},"end":{"line":16,"column":183}},"loc":{"start":{"line":16,"column":191},"end":{"line":16,"column":266}},"line":16},"59":{"name":"_throw","decl":{"start":{"line":16,"column":276},"end":{"line":16,"column":282}},"loc":{"start":{"line":16,"column":288},"end":{"line":16,"column":362}},"line":16},"60":{"name":"_classCallCheck","decl":{"start":{"line":17,"column":9},"end":{"line":17,"column":24}},"loc":{"start":{"line":17,"column":48},"end":{"line":17,"column":153}},"line":17},"61":{"name":"_defineProperties","decl":{"start":{"line":18,"column":9},"end":{"line":18,"column":26}},"loc":{"start":{"line":18,"column":42},"end":{"line":18,"column":317}},"line":18},"62":{"name":"_createClass","decl":{"start":{"line":19,"column":9},"end":{"line":19,"column":21}},"loc":{"start":{"line":19,"column":60},"end":{"line":19,"column":285}},"line":19},"63":{"name":"(anonymous_63)","decl":{"start":{"line":30,"column":35},"end":{"line":30,"column":36}},"loc":{"start":{"line":30,"column":47},"end":{"line":293,"column":1}},"line":30},"64":{"name":"MovieController","decl":{"start":{"line":31,"column":11},"end":{"line":31,"column":26}},"loc":{"start":{"line":31,"column":29},"end":{"line":33,"column":3}},"line":31},"65":{"name":"(anonymous_65)","decl":{"start":{"line":44,"column":4},"end":{"line":44,"column":5}},"loc":{"start":{"line":44,"column":16},"end":{"line":105,"column":5}},"line":44},"66":{"name":"_callee","decl":{"start":{"line":45,"column":92},"end":{"line":45,"column":99}},"loc":{"start":{"line":45,"column":116},"end":{"line":100,"column":7}},"line":45},"67":{"name":"_callee$","decl":{"start":{"line":47,"column":51},"end":{"line":47,"column":59}},"loc":{"start":{"line":47,"column":70},"end":{"line":99,"column":9}},"line":47},"68":{"name":"viewMovies","decl":{"start":{"line":101,"column":15},"end":{"line":101,"column":25}},"loc":{"start":{"line":101,"column":40},"end":{"line":103,"column":7}},"line":101},"69":{"name":"(anonymous_69)","decl":{"start":{"line":114,"column":11},"end":{"line":114,"column":12}},"loc":{"start":{"line":114,"column":23},"end":{"line":151,"column":5}},"line":114},"70":{"name":"_callee2","decl":{"start":{"line":115,"column":91},"end":{"line":115,"column":99}},"loc":{"start":{"line":115,"column":110},"end":{"line":146,"column":7}},"line":115},"71":{"name":"_callee2$","decl":{"start":{"line":117,"column":51},"end":{"line":117,"column":60}},"loc":{"start":{"line":117,"column":72},"end":{"line":145,"column":9}},"line":117},"72":{"name":"viewMovie","decl":{"start":{"line":147,"column":15},"end":{"line":147,"column":24}},"loc":{"start":{"line":147,"column":35},"end":{"line":149,"column":7}},"line":147},"73":{"name":"(anonymous_73)","decl":{"start":{"line":160,"column":11},"end":{"line":160,"column":12}},"loc":{"start":{"line":160,"column":23},"end":{"line":190,"column":5}},"line":160},"74":{"name":"_callee3","decl":{"start":{"line":161,"column":90},"end":{"line":161,"column":98}},"loc":{"start":{"line":161,"column":109},"end":{"line":185,"column":7}},"line":161},"75":{"name":"_callee3$","decl":{"start":{"line":163,"column":51},"end":{"line":163,"column":60}},"loc":{"start":{"line":163,"column":72},"end":{"line":184,"column":9}},"line":163},"76":{"name":"addMovie","decl":{"start":{"line":186,"column":15},"end":{"line":186,"column":23}},"loc":{"start":{"line":186,"column":34},"end":{"line":188,"column":7}},"line":186},"77":{"name":"(anonymous_77)","decl":{"start":{"line":199,"column":11},"end":{"line":199,"column":12}},"loc":{"start":{"line":199,"column":23},"end":{"line":240,"column":5}},"line":199},"78":{"name":"_callee4","decl":{"start":{"line":200,"column":91},"end":{"line":200,"column":99}},"loc":{"start":{"line":200,"column":110},"end":{"line":235,"column":7}},"line":200},"79":{"name":"_callee4$","decl":{"start":{"line":202,"column":51},"end":{"line":202,"column":60}},"loc":{"start":{"line":202,"column":72},"end":{"line":234,"column":9}},"line":202},"80":{"name":"editMovie","decl":{"start":{"line":236,"column":15},"end":{"line":236,"column":24}},"loc":{"start":{"line":236,"column":35},"end":{"line":238,"column":7}},"line":236},"81":{"name":"(anonymous_81)","decl":{"start":{"line":249,"column":11},"end":{"line":249,"column":12}},"loc":{"start":{"line":249,"column":23},"end":{"line":290,"column":5}},"line":249},"82":{"name":"_callee5","decl":{"start":{"line":250,"column":93},"end":{"line":250,"column":101}},"loc":{"start":{"line":250,"column":112},"end":{"line":285,"column":7}},"line":250},"83":{"name":"_callee5$","decl":{"start":{"line":252,"column":51},"end":{"line":252,"column":60}},"loc":{"start":{"line":252,"column":72},"end":{"line":284,"column":9}},"line":252},"84":{"name":"deleteMovie","decl":{"start":{"line":286,"column":15},"end":{"line":286,"column":26}},"loc":{"start":{"line":286,"column":39},"end":{"line":288,"column":7}},"line":286}},"branchMap":{"0":{"loc":{"start":{"line":3,"column":68},"end":{"line":3,"column":319}},"type":"cond-expr","locations":[{"start":{"line":3,"column":136},"end":{"line":3,"column":173}},{"start":{"line":3,"column":176},"end":{"line":3,"column":319}}],"line":3},"1":{"loc":{"start":{"line":3,"column":68},"end":{"line":3,"column":133}},"type":"binary-expr","locations":[{"start":{"line":3,"column":68},"end":{"line":3,"column":95}},{"start":{"line":3,"column":99},"end":{"line":3,"column":133}}],"line":3},"2":{"loc":{"start":{"line":3,"column":200},"end":{"line":3,"column":316}},"type":"cond-expr","locations":[{"start":{"line":3,"column":295},"end":{"line":3,"column":303}},{"start":{"line":3,"column":306},"end":{"line":3,"column":316}}],"line":3},"3":{"loc":{"start":{"line":3,"column":200},"end":{"line":3,"column":292}},"type":"binary-expr","locations":[{"start":{"line":3,"column":200},"end":{"line":3,"column":203}},{"start":{"line":3,"column":207},"end":{"line":3,"column":234}},{"start":{"line":3,"column":238},"end":{"line":3,"column":264}},{"start":{"line":3,"column":268},"end":{"line":3,"column":292}}],"line":3},"4":{"loc":{"start":{"line":13,"column":46},"end":{"line":13,"column":94}},"type":"cond-expr","locations":[{"start":{"line":13,"column":70},"end":{"line":13,"column":73}},{"start":{"line":13,"column":76},"end":{"line":13,"column":94}}],"line":13},"5":{"loc":{"start":{"line":13,"column":46},"end":{"line":13,"column":67}},"type":"binary-expr","locations":[{"start":{"line":13,"column":46},"end":{"line":13,"column":49}},{"start":{"line":13,"column":53},"end":{"line":13,"column":67}}],"line":13},"6":{"loc":{"start":{"line":14,"column":349},"end":{"line":14,"column":390}},"type":"cond-expr","locations":[{"start":{"line":14,"column":379},"end":{"line":14,"column":385}},{"start":{"line":14,"column":388},"end":{"line":14,"column":390}}],"line":14},"7":{"loc":{"start":{"line":14,"column":409},"end":{"line":14,"column":441}},"type":"binary-expr","locations":[{"start":{"line":14,"column":409},"end":{"line":14,"column":425}},{"start":{"line":14,"column":429},"end":{"line":14,"column":441}}],"line":14},"8":{"loc":{"start":{"line":14,"column":465},"end":{"line":14,"column":507}},"type":"binary-expr","locations":[{"start":{"line":14,"column":465},"end":{"line":14,"column":486}},{"start":{"line":14,"column":490},"end":{"line":14,"column":507}}],"line":14},"9":{"loc":{"start":{"line":14,"column":529},"end":{"line":14,"column":567}},"type":"binary-expr","locations":[{"start":{"line":14,"column":529},"end":{"line":14,"column":548}},{"start":{"line":14,"column":552},"end":{"line":14,"column":567}}],"line":14},"10":{"loc":{"start":{"line":14,"column":908},"end":{"line":14,"column":979}},"type":"cond-expr","locations":[{"start":{"line":14,"column":960},"end":{"line":14,"column":967}},{"start":{"line":14,"column":970},"end":{"line":14,"column":979}}],"line":14},"11":{"loc":{"start":{"line":14,"column":908},"end":{"line":14,"column":957}},"type":"binary-expr","locations":[{"start":{"line":14,"column":908},"end":{"line":14,"column":915}},{"start":{"line":14,"column":919},"end":{"line":14,"column":957}}],"line":14},"12":{"loc":{"start":{"line":14,"column":1056},"end":{"line":14,"column":1073}},"type":"binary-expr","locations":[{"start":{"line":14,"column":1056},"end":{"line":14,"column":1067}},{"start":{"line":14,"column":1071},"end":{"line":14,"column":1073}}],"line":14},"13":{"loc":{"start":{"line":14,"column":1201},"end":{"line":14,"column":1276}},"type":"if","locations":[{"start":{"line":14,"column":1201},"end":{"line":14,"column":1276}},{"start":{"line":14,"column":1201},"end":{"line":14,"column":1276}}],"line":14},"14":{"loc":{"start":{"line":14,"column":1277},"end":{"line":14,"column":1363}},"type":"if","locations":[{"start":{"line":14,"column":1277},"end":{"line":14,"column":1363}},{"start":{"line":14,"column":1277},"end":{"line":14,"column":1363}}],"line":14},"15":{"loc":{"start":{"line":14,"column":1306},"end":{"line":14,"column":1340}},"type":"if","locations":[{"start":{"line":14,"column":1306},"end":{"line":14,"column":1340}},{"start":{"line":14,"column":1306},"end":{"line":14,"column":1340}}],"line":14},"16":{"loc":{"start":{"line":14,"column":1450},"end":{"line":14,"column":1626}},"type":"if","locations":[{"start":{"line":14,"column":1450},"end":{"line":14,"column":1626}},{"start":{"line":14,"column":1450},"end":{"line":14,"column":1626}}],"line":14},"17":{"loc":{"start":{"line":14,"column":1527},"end":{"line":14,"column":1624}},"type":"if","locations":[{"start":{"line":14,"column":1527},"end":{"line":14,"column":1624}},{"start":{"line":14,"column":1527},"end":{"line":14,"column":1624}}],"line":14},"18":{"loc":{"start":{"line":14,"column":1549},"end":{"line":14,"column":1599}},"type":"if","locations":[{"start":{"line":14,"column":1549},"end":{"line":14,"column":1599}},{"start":{"line":14,"column":1549},"end":{"line":14,"column":1599}}],"line":14},"19":{"loc":{"start":{"line":14,"column":1627},"end":{"line":14,"column":1928}},"type":"if","locations":[{"start":{"line":14,"column":1627},"end":{"line":14,"column":1928}},{"start":{"line":14,"column":1627},"end":{"line":14,"column":1928}}],"line":14},"20":{"loc":{"start":{"line":14,"column":1706},"end":{"line":14,"column":1928}},"type":"if","locations":[{"start":{"line":14,"column":1706},"end":{"line":14,"column":1928}},{"start":{"line":14,"column":1706},"end":{"line":14,"column":1928}}],"line":14},"21":{"loc":{"start":{"line":14,"column":1740},"end":{"line":14,"column":1811}},"type":"if","locations":[{"start":{"line":14,"column":1740},"end":{"line":14,"column":1811}},{"start":{"line":14,"column":1740},"end":{"line":14,"column":1811}}],"line":14},"22":{"loc":{"start":{"line":14,"column":1859},"end":{"line":14,"column":1927}},"type":"binary-expr","locations":[{"start":{"line":14,"column":1859},"end":{"line":14,"column":1886}},{"start":{"line":14,"column":1890},"end":{"line":14,"column":1927}}],"line":14},"23":{"loc":{"start":{"line":14,"column":1997},"end":{"line":14,"column":2182}},"type":"if","locations":[{"start":{"line":14,"column":1997},"end":{"line":14,"column":2182}},{"start":{"line":14,"column":1997},"end":{"line":14,"column":2182}}],"line":14},"24":{"loc":{"start":{"line":14,"column":2029},"end":{"line":14,"column":2130}},"type":"if","locations":[{"start":{"line":14,"column":2029},"end":{"line":14,"column":2130}},{"start":{"line":14,"column":2029},"end":{"line":14,"column":2130}}],"line":14},"25":{"loc":{"start":{"line":14,"column":2041},"end":{"line":14,"column":2086}},"type":"cond-expr","locations":[{"start":{"line":14,"column":2056},"end":{"line":14,"column":2067}},{"start":{"line":14,"column":2070},"end":{"line":14,"column":2086}}],"line":14},"26":{"loc":{"start":{"line":14,"column":2183},"end":{"line":14,"column":2283}},"type":"binary-expr","locations":[{"start":{"line":14,"column":2183},"end":{"line":14,"column":2206}},{"start":{"line":14,"column":2211},"end":{"line":14,"column":2282}}],"line":14},"27":{"loc":{"start":{"line":14,"column":2787},"end":{"line":14,"column":2829}},"type":"binary-expr","locations":[{"start":{"line":14,"column":2787},"end":{"line":14,"column":2795}},{"start":{"line":14,"column":2799},"end":{"line":14,"column":2829}}],"line":14},"28":{"loc":{"start":{"line":14,"column":2831},"end":{"line":14,"column":2993}},"type":"binary-expr","locations":[{"start":{"line":14,"column":2831},"end":{"line":14,"column":2854}},{"start":{"line":14,"column":2858},"end":{"line":14,"column":2888}},{"start":{"line":14,"column":2892},"end":{"line":14,"column":2944}},{"start":{"line":14,"column":2949},"end":{"line":14,"column":2992}}],"line":14},"29":{"loc":{"start":{"line":14,"column":3441},"end":{"line":14,"column":3933}},"type":"if","locations":[{"start":{"line":14,"column":3441},"end":{"line":14,"column":3933}},{"start":{"line":14,"column":3441},"end":{"line":14,"column":3933}}],"line":14},"30":{"loc":{"start":{"line":14,"column":3526},"end":{"line":14,"column":3930}},"type":"cond-expr","locations":[{"start":{"line":14,"column":3597},"end":{"line":14,"column":3757}},{"start":{"line":14,"column":3760},"end":{"line":14,"column":3930}}],"line":14},"31":{"loc":{"start":{"line":14,"column":3526},"end":{"line":14,"column":3594}},"type":"binary-expr","locations":[{"start":{"line":14,"column":3526},"end":{"line":14,"colu
[...]
:3}},"branchMap":{},"s":{"0":1,"1":1,"2":1},"f":{"0":1},"b":{},"inputSourceMap":{"version":3,"names":["module","exports","sequelize","DataTypes","Movie","define","createdAt","type","DATE","updatedAt","name","STRING","ranking","NUMERIC","rating","cast","ARRAY","releaseDate"],"sourceRoot":"D:\\Projects\\Assignment\\montech-assignment\\src\\config\\database\\models\\","sources":["movie.js"],"sourcesContent":["module.exports = (sequelize, DataTypes) => {\r\n  const Movie = sequelize.define('Movie', {\r\n    createdAt: { type: DataTypes.DATE },\r\n    updatedAt: { type: DataTypes.DATE },\r\n    name: { type: DataTypes.STRING },\r\n    ranking: { type: DataTypes.NUMERIC },\r\n    rating: { type: DataTypes.NUMERIC },\r\n    cast: { type: DataTypes.ARRAY(DataTypes.STRING(1000)) },\r\n    releaseDate: { type: DataTypes.DATE },\r\n  }, {});\r\n\r\n  return Movie;\r\n};\r\n"],"mappings":";;AAAAA,MAAM,CAACC,OAAO,GAAG,UAACC,SAAS,EAAEC,SAAS,EAAK;EACzC,IAAMC,KAAK,GAAGF,SAAS,CAACG,MAAM,CAAC,OAAO,EAAE;IACtCC,SAAS,EAAE;MAAEC,IAAI,EAAEJ,SAAS,CAACK;IAAK,CAAC;IACnCC,SAAS,EAAE;MAAEF,IAAI,EAAEJ,SAAS,CAACK;IAAK,CAAC;IACnCE,IAAI,EAAE;MAAEH,IAAI,EAAEJ,SAAS,CAACQ;IAAO,CAAC;IAChCC,OAAO,EAAE;MAAEL,IAAI,EAAEJ,SAAS,CAACU;IAAQ,CAAC;IACpCC,MAAM,EAAE;MAAEP,IAAI,EAAEJ,SAAS,CAACU;IAAQ,CAAC;IACnCE,IAAI,EAAE;MAAER,IAAI,EAAEJ,SAAS,CAACa,KAAK,CAACb,SAAS,CAACQ,MAAM,CAAC,IAAI,CAAC;IAAE,CAAC;IACvDM,WAAW,EAAE;MAAEV,IAAI,EAAEJ,SAAS,CAACK;IAAK;EACtC,CAAC,EAAE,CAAC,CAAC,CAAC;EAEN,OAAOJ,KAAK;AACd,CAAC"},"_coverageSchema":"1a1c01bbd47fc00a2c39e90264f33305004495a9","hash":"92eb659e9e84cb94fb4e86b0c5f5945465cec810","contentHash":"a53dfa37961176fee101a8cd4550cd46705dfd5a0b3d926b9aaf03d2b1914270"},"D:\\Projects\\Assignment\\montech-assignment\\src\\v1\\helpers\\paginateHelper.js":{"path":"D:\\Projects\\Assignment\\montech-assignment\\src\\v1\\helpers\\paginateHelper.js","statementMap":{"0":{"start":{"line":3,"column":50},"end":{"line":3,"column":151}},"1":{"start":{"line":3,"column":92},"end":{"line":3,"column":149}},"2":{"start":{"line":4,"column":44},"end":{"line":4,"column":315}},"3":{"start":{"line":4,"column":57},"end":{"line":4,"column":58}},"4":{"start":{"line":4,"column":102},"end":{"line":4,"column":110}},"5":{"start":{"line":4,"column":112},"end":{"line":4,"column":167}},"6":{"start":{"line":4,"column":168},"end":{"line":4,"column":199}},"7":{"start":{"line":4,"column":200},"end":{"line":4,"column":254}},"8":{"start":{"line":4,"column":227},"end":{"line":4,"column":254}},"9":{"start":{"line":4,"column":255},"end":{"line":4,"column":313}},"10":{"start":{"line":5,"column":62},"end":{"line":5,"column":131}},"11":{"start":{"line":5,"column":78},"end":{"line":5,"column":131}},"12":{"start":{"line":5,"column":132},"end":{"line":5,"column":193}},"13":{"start":{"line":5,"column":149},"end":{"line":5,"column":193}},"14":{"start":{"line":5,"column":194},"end":{"line":5,"column":263}},"15":{"start":{"line":5,"column":264},"end":{"line":5,"column":283}},"16":{"start":{"line":10,"column":34},"end":{"line":41,"column":3}},"17":{"start":{"line":12,"column":4},"end":{"line":12,"column":42}},"18":{"start":{"line":14,"column":2},"end":{"line":39,"column":6}},"19":{"start":{"line":24,"column":17},"end":{"line":24,"column":26}},"20":{"start":{"line":25,"column":16},"end":{"line":25,"column":26}},"21":{"start":{"line":26,"column":21},"end":{"line":26,"column":23}},"22":{"start":{"line":27,"column":17},"end":{"line":27,"column":57}},"23":{"start":{"line":28,"column":18},"end":{"line":28,"column":35}},"24":{"start":{"line":29,"column":18},"end":{"line":29,"column":44}},"25":{"start":{"line":30,"column":16},"end":{"line":30,"column":27}},"26":{"start":{"line":31,"column":6},"end":{"line":37,"column":8}},"27":{"start":{"line":40,"column":2},"end":{"line":40,"column":24}},"28":{"start":{"line":42,"column":0},"end":{"line":42,"column":32}}},"fnMap":{"0":{"name":"_classCallCheck","decl":{"start":{"line":3,"column":9},"end":{"line":3,"column":24}},"loc":{"start":{"line":3,"column":48},"end":{"line":3,"column":153}},"line":3},"1":{"name":"_defineProperties","decl":{"start":{"line":4,"column":9},"end":{"line":4,"column":26}},"loc":{"start":{"line":4,"column":42},"end":{"line":4,"column":317}},"line":4},"2":{"name":"_createClass","decl":{"start":{"line":5,"column":9},"end":{"line":5,"column":21}},"loc":{"start":{"line":5,"column":60},"end":{"line":5,"column":285}},"line":5},"3":{"name":"(anonymous_3)","decl":{"start":{"line":10,"column":34},"end":{"line":10,"column":35}},"loc":{"start":{"line":10,"column":46},"end":{"line":41,"column":1}},"line":10},"4":{"name":"PaginatingData","decl":{"start":{"line":11,"column":11},"end":{"line":11,"column":25}},"loc":{"start":{"line":11,"column":28},"end":{"line":13,"column":3}},"line":11},"5":{"name":"paginateData","decl":{"start":{"line":23,"column":13},"end":{"line":23,"column":25}},"loc":{"start":{"line":23,"column":32},"end":{"line":38,"column":5}},"line":23}},"branchMap":{"0":{"loc":{"start":{"line":3,"column":50},"end":{"line":3,"column":151}},"type":"if","locations":[{"start":{"line":3,"column":50},"end":{"line":3,"column":151}},{"start":{"line":3,"column":50},"end":{"line":3,"column":151}}],"line":3},"1":{"loc":{"start":{"line":4,"column":136},"end":{"line":4,"column":166}},"type":"binary-expr","locations":[{"start":{"line":4,"column":136},"end":{"line":4,"column":157}},{"start":{"line":4,"column":161},"end":{"line":4,"column":166}}],"line":4},"2":{"loc":{"start":{"line":4,"column":200},"end":{"line":4,"column":254}},"type":"if","locations":[{"start":{"line":4,"column":200},"end":{"line":4,"column":254}},{"start":{"line":4,"column":200},"end":{"line":4,"column":254}}],"line":4},"3":{"loc":{"start":{"line":5,"column":62},"end":{"line":5,"column":131}},"type":"if","locations":[{"start":{"line":5,"column":62},"end":{"line":5,"column":131}},{"start":{"line":5,"column":62},"end":{"line":5,"column":131}}],"line":5},"4":{"loc":{"start":{"line":5,"column":132},"end":{"line":5,"column":193}},"type":"if","locations":[{"start":{"line":5,"column":132},"end":{"line":5,"column":193}},{"start":{"line":5,"column":132},"end":{"line":5,"column":193}}],"line":5},"5":{"loc":{"start":{"line":27,"column":24},"end":{"line":27,"column":56}},"type":"binary-expr","locations":[{"start":{"line":27,"column":24},"end":{"line":27,"column":29}},{"start":{"line":27,"column":33},"end":{"line":27,"column":56}}],"line":27},"6":{"loc":{"start":{"line":28,"column":25},"end":{"line":28,"column":34}},"type":"binary-expr","locations":[{"start":{"line":28,"column":25},"end":{"line":28,"column":29}},{"start":{"line":28,"column":33},"end":{"line":28,"column":34}}],"line":28}},"s":{"0":0,"1":0,"2":1,"3":1,"4":1,"5":1,"6":1,"7":1,"8":1,"9":1,"10":1,"11":0,"12":1,"13":1,"14":1,"15":1,"16":1,"17":0,"18":1,"19":3,"20":3,"21":3,"22":3,"23":3,"24":3,"25":3,"26":3,"27":1,"28":1},"f":{"0":0,"1":1,"2":1,"3":1,"4":0,"5":3},"b":{"0":[0,0],"1":[1,1],"2":[1,0],"3":[0,1],"4":[1,0],"5":[3,2],"6":[3,2]},"inputSourceMap":{"version":3,"names":["PaginatingData","page","limit","paginate","skip","Number","MAX_SAFE_INTEGER","pages","start","end","module","exports"],"sourceRoot":"D:\\Projects\\Assignment\\montech-assignment\\src\\v1\\helpers\\","sources":["paginateHelper.js"],"sourcesContent":["/**\r\n* This class contain method (function) required to handle\r\n* The method return data.\r\n*/\r\nclass PaginatingData {\r\n  /**\r\n   * Get page number and limit of data needed on single page.\r\n   * @param {integer} page page number.\r\n   * @param {integer} limit value to be found.\r\n   * @returns {object} paginate tools.\r\n   */\r\n  static paginateData({ page, limit }) {\r\n    const paginate = {};\r\n    const skip = Number(limit || Number.MAX_SAFE_INTEGER);\r\n    const pages = Number(page || 1);\r\n    const start = Number((pages - 1) * skip);\r\n    const end = page * skip;\r\n    return {\r\n      start, end, pages, skip, paginate\r\n    };\r\n  }\r\n}\r\n\r\nmodule.exports = PaginatingData;\r\n"],"mappings":";;;;;AAAA;AACA;AACA;AACA;AAHA,IAIMA,cAAc;EAAA;IAAA;EAAA;EAAA;IAAA;IAAA;IAClB;AACF;AACA;AACA;AACA;AACA;IACE,4BAAqC;MAAA,IAAfC,IAAI,QAAJA,IAAI;QAAEC,KAAK,QAALA,KAAK;MAC/B,IAAMC,QAAQ,GAAG,CAAC,CAAC;MACnB,IAAMC,IAAI,GAAGC,MAAM,CAACH,KAAK,IAAIG,MAAM,CAACC,gBAAgB,CAAC;MACrD,IAAMC,KAAK,GAAGF,MAAM,CAACJ,IAAI,IAAI,CAAC,CAAC;MAC/B,IAAMO,KAAK,GAAGH,MAAM,CAAC,CAACE,KAAK,GAAG,CAAC,IAAIH,IAAI,CAAC;MACxC,IAAMK,GAAG,GAAGR,IAAI,GAAGG,IAAI;MACvB,OAAO;QACLI,KAAK,EAALA,KAAK;QAAEC,GAAG,EAAHA,GAAG;QAAEF,KAAK,EAALA,KAAK;QAAEH,IAAI,EAAJA,IAAI;QAAED,QAAQ,EAARA;MAC3B,CAAC;IACH;EAAC;EAAA;AAAA;AAGHO,MAAM,CAACC,OAAO,GAAGX,cAAc"},"_coverageSchema":"1a1c01bbd47fc00a2c39e90264f33305004495a9","hash":"bbd29605304d6380033b5ba1ae565b3bfc4a9087","contentHash":"436b44750119c762333c326a3d6c1bbc0b0053efe7e3770e45a3d9292edaece3"},"D:\\Projects\\Assignment\\montech-assignment\\src\\v1\\middlewares\\schemaMiddleware.js":{"path":"D:\\Projects\\Assignment\\montech-assignment\\src\\v1\\middlewares\\schemaMiddleware.js","statementMap":{"0":{"start":{"line":3,"column":0},"end":{"line":5,"column":3}},"1":{"start":{"line":6,"column":0},"end":{"line":6,"column":62}},"2":{"start":{"line":7,"column":11},"end":{"line":7,"column":49}},"3":{"start":{"line":8,"column":22},"end":{"line":8,"column":73}},"4":{"start":{"line":9,"column":39},"end":{"line":9,"column":95}},"5":{"start":{"line":17,"column":23},"end":{"line":43,"column":1}},"6":{"start":{"line":18,"column":19},"end":{"line":41,"column":4}},"7":{"start":{"line":42,"column":2},"end":{"line":42,"column":74}},"8":{"start":{"line":52,"column":0},"end":{"line":52,"column":44}},"9":{"start":{"line":53,"column":24},"end":{"line":63,"column":1}},"10":{"start":{"line":54,"column":19},"end":{"line":61,"column":4}},"11":{"start":{"line":62,"column":2},"end":{"line":62,"column":74}},"12":{"start":{"line":64,"column":0},"end":{"line":64,"column":46}}},"fnMap":{"0":{"name":"_interopRequireDefault","decl":{"start":{"line":9,"column":9},"end":{"line":9,"column":31}},"loc":{"start":{"line":9,"column":37},"end":{"line":9,"column":97}},"line":9},"1":{"name":"validateAddMovie","decl":{"start":{"line":17,"column":32},"end":{"line":17,"column":48}},"loc":{"start":{"line":17,"column":65},"end":{"line":43,"column":1}},"line":17},"2":{"name":"validateRankMovie","decl":{"start":{"line":53,"column":33},"end":{"line":53,"column":50}},"loc":{"start":{"line":53,"column":67},"end":{"line":63,"column":1}},"line":53}},"branchMap":{"0":{"loc":{"start":{"line":9,"column":46},"end":{"line":9,"column":94}},"type":"cond-expr","locations":[{"start":{"line":9,"column":70},"end":{"line":9,"column":73}},{"start":{"line":9,"column":76},"end":{"line":9,"column":94}}],"line":9},"1":{"loc":{"start":{"line":9,"column":46},"end":{"line":9,"column":67}},"type":"binary-expr","locations":[{"start":{"line":9,"column":46},"end":{"line":9,"column":49}},{"start":{"line":9,"column":53},"end":{"line":9,"column":67}}],"line":9}},"s":{"0":1,"1":1,"2":1,"3":1,"4":2,"5":1,"6":2,"7":2,"8":1,"9":1,"10":2,"11":2,"12":1},"f":{"0":2,"1":2,"2":2},"b":{"0":[1,1],"1":[2,2]},"inputSourceMap":{"version":3,"names":["validateAddMovie","req","res","next","dataSchema","Joi","object","keys","name","string","min","max","required","messages","ranking","number","rating","cast","array","items","releaseDate","date","options","abortEarly","validateSchema","body","validateRankMovie"],"sourceRoot":"D:\\Projects\\Assignment\\montech-assignment\\src\\v1\\middlewares\\","sources":["schemaMiddleware.js"],"sourcesContent":["import Joi from 'joi';\r\nimport validateSchema from './validateSchema';\r\n\r\n/**\r\n   * Handle validateRegisterUser.\r\n   * @param {object} req user request.\r\n   * @param {object} res data response.\r\n   * @param {object} next move.\r\n   * @returns {object} response.\r\n   */\r\nconst validateAddMovie = (req, res, next) => {\r\n  const dataSchema = Joi.object()\r\n    .keys({\r\n      name: Joi.string().min(3).max(50).required()\r\n        .messages({\r\n          'any.required': 'name is required',\r\n          'string.empty': 'name is not allowed to be empty',\r\n        }),\r\n      ranking: Joi.number().required()\r\n        .messages({\r\n          'any.required': 'ranking is required',\r\n          'string.empty': 'ranking is not allowed to be empty',\r\n        }),\r\n      rating: Joi.number().required()\r\n        .messages({\r\n          'any.required': 'rating is required',\r\n          'string.empty': 'rating is not allowed to be empty',\r\n        }),\r\n      cast: Joi.array().min(1).items(Joi.string()).required()\r\n        .messages({\r\n          'any.required': 'cast is required',\r\n          'string.empty': 'cast is not allowed to be empty',\r\n        }),\r\n      releaseDate: Joi.date().required()\r\n        .messages({\r\n          'any.required': 'releaseDate is required',\r\n          'string.empty': 'releaseDate is not allowed to be empty',\r\n        }),\r\n    })\r\n    .options({ abortEarly: false });\r\n\r\n  return validateSchema(dataSchema, req.body, res, next);\r\n};\r\n\r\n/**\r\n   * Handle validateRegisterUser.\r\n   * @param {object} req user request.\r\n   * @param {object} res data response.\r\n   * @param {object} next move.\r\n   * @returns {object} response.\r\n   */\r\nconst validateRankMovie = (req, res, next) => {\r\n  const dataSchema = Joi.object()\r\n    .keys({\r\n      ranking: Joi.number().required()\r\n        .messages({\r\n          'any.required': 'ranking is required',\r\n          'string.empty': 'ranking is not allowed to be empty',\r\n        }),\r\n    })\r\n    .options({ abortEarly: false });\r\n\r\n  return validateSchema(dataSchema, req.body, res, next);\r\n};\r\n\r\nexport { validateAddMovie, validateRankMovie };\r\n"],"mappings":";;;;;;AAAA;AACA;AAA8C;AAE9C;AACA;AACA;AACA;AACA;AACA;AACA;AACA,IAAMA,gBAAgB,GAAG,SAAnBA,gBAAgB,CAAIC,GAAG,EAAEC,GAAG,EAAEC,IAAI,EAAK;EAC3C,IAAMC,UAAU,GAAGC,eAAG,CAACC,MAAM,EAAE,CAC5BC,IAAI,CAAC;IACJC,IAAI,EAAEH,eAAG,CAACI,MAAM,EAAE,CAACC,GAAG,CAAC,CAAC,CAAC,CAACC,GAAG,CAAC,EAAE,CAAC,CAACC,QAAQ,EAAE,CACzCC,QAAQ,CAAC;MACR,cAAc,EAAE,kBAAkB;MAClC,cAAc,EAAE;IAClB,CAAC,CAAC;IACJC,OAAO,EAAET,eAAG,CAACU,MAAM,EAAE,CAACH,QAAQ,EAAE,CAC7BC,QAAQ,CAAC;MACR,cAAc,EAAE,qBAAqB;MACrC,cAAc,EAAE;IAClB,CAAC,CAAC;IACJG,MAAM,EAAEX,eAAG,CAACU,MAAM,EAAE,CAACH,QAAQ,EAAE,CAC5BC,QAAQ,CAAC;MACR,cAAc,EAAE,oBAAoB;MACpC,cAAc,EAAE;IAClB,CAAC,CAAC;IACJI,IAAI,EAAEZ,eAAG,CAACa,KAAK,EAAE,CAACR,GAAG,CAAC,CAAC,CAAC,CAACS,KAAK,CAACd,eAAG,CAACI,MAAM,EAAE,CAAC,CAACG,QAAQ,EAAE,CACpDC,QAAQ,CAAC;MACR,cAAc,EAAE,kBAAkB;MAClC,cAAc,EAAE;IAClB,CAAC,CAAC;IACJO,WAAW,EAAEf,eAAG,CAACgB,IAAI,EAAE,CAACT,QAAQ,EAAE,CAC/BC,QAAQ,CAAC;MACR,cAAc,EAAE,yBAAyB;MACzC,cAAc,EAAE;IAClB,CAAC;EACL,CAAC,CAAC,CACDS,OAAO,CAAC;IAAEC,UAAU,EAAE;EAAM,CAAC,CAAC;EAEjC,OAAO,IAAAC,0BAAc,EAACpB,UAAU,EAAEH,GAAG,CAACwB,IAAI,EAAEvB,GAAG,EAAEC,IAAI,CAAC;AACxD,CAAC;;AAED;AACA;AACA;AACA;AACA;AACA;AACA;AANA;AAOA,IAAMuB,iBAAiB,GAAG,SAApBA,iBAAiB,CAAIzB,GAAG,EAAEC,GAAG,EAAEC,IAAI,EAAK;EAC5C,IAAMC,UAAU,GAAGC,eAAG,CAACC,MAAM,EAAE,CAC5BC,IAAI,CAAC;IACJO,OAAO,EAAET,eAAG,CAACU,MAAM,EAAE,CAACH,QAAQ,EAAE,CAC7BC,QAAQ,CAAC;MACR,cAAc,EAAE,qBAAqB;MACrC,cAAc,EAAE;IAClB,CAAC;EACL,CAAC,CAAC,CACDS,OAAO,CAAC;IAAEC,UAAU,EAAE;EAAM,CAAC,CAAC;EAEjC,OAAO,IAAAC,0BAAc,EAACpB,UAAU,EAAEH,GAAG,CAACwB,IAAI,EAAEvB,GAAG,EAAEC,IAAI,CAAC;AACxD,CAAC;AAAC"},"_coverageSchema":"1a1c01bbd47fc00a2c39e90264f33305004495a9","hash":"7d1dc2c381bbadb058a6ee9236eada2d9a72df05","contentHash":"b3c7a2073cba6a6ab1f5dde1647ab412fd04c80fbacf3b9537aeccbf4abe7911"},"D:\\Projects\\Assignment\\montech-assignment\\src\\v1\\middlewares\\validateSchema.js":{"path":"D:\\Projects\\Assignment\\montech-assignment\\src\\v1\\middlewares\\validateSchema.js","statementMap":{"0":{"start":{"line":3,"column":0},"end":{"line":5,"column":3}},"1":{"start":{"line":6,"column":0},"end":{"line":6,"column":28}},"2":{"start":{"line":7,"column":18},"end":{"line":7,"column":40}},"3":{"start":{"line":8,"column":22},"end":{"line":8,"column":82}},"4":{"start":{"line":9,"column":39},"end":{"line":9,"column":95}},"5":{"start":{"line":18,"column":21},"end":{"line":29,"column":1}},"6":{"start":{"line":19,"column":25},"end":{"line":19,"column":46}},"7":{"start":{"line":20,"column":12},"end":{"line":20,"column":34}},"8":{"start":{"line":21,"column":2},"end":{"line":27,"column":3}},"9":{"start":{"line":22,"column":17},"end":{"line":24,"column":6}},"10":{"start":{"line":23,"column":6},"end":{"line":23,"column":25}},"11":{"start":{"line":25,"column":4},"end":{"line":25,"column":97}},"12":{"start":{"line":26,"column":4},"end":{"line":26,"column":52}},"13":{"start":{"line":28,"column":2},"end":{"line":28,"column":16}},"14":{"start":{"line":30,"column":15},"end":{"line":30,"column":29}},"15":{"start":{"line":31,"column":0},"end":{"line":31,"column":30}}},"fnMap":{"0":{"name":"_interopRequireDefault","decl":{"start":{"line":9,"column":9},"end":{"line":9,"column":31}},"loc":{"start":{"line":9,"column":37},"end":{"line":9,"column":97}},"line":9},"1":{"name":"validateSchema","decl":{"start":{"line":18,"column":30},"end":{"line":18,"column":44}},"loc":{"start":{"line":18,"column":70},"end":{"line":29,"column":1}},"line":18},"2":{"name":"(anonymous_2)","decl":{"start":{"line":22,"column":35},"end":{"line":22,"column":36}},"loc":{"start":{"line":22,"column":50},"end":{"line":24,"column":5}},"line":22}},"branchMap":{"0":{"loc":{"start":{"line":9,"column":46},"end":{"line":9,"column":94}},"type":"cond-expr","locations":[{"start":{"line":9,"column":70},"end":{"line":9,"column":73}},{"start":{"line":9,"column":76},"end":{"line":9,"column":94}}],"line":9},"1":{"loc":{"start":{"line":9,"column":46},"end":{"line":9,"column":67}},"type":"binary-expr","locations":[{"start":{"line":9,"column":46},"end":{"line":9,"column":49}},{"start":{"line":9,"column":53},"end":{"line":9,"column":67}}],"line":9},"2":{"loc":{"start":{"line":21,"column":2},"end":{"line":27,"column":3}},"type":"if","locations":[{"start":{"line":21,"column":2},"end":{"line":27,"column":3}},{"start":{"line":21,"column":2},"end":{"line":27,"column":3}}],"line":21}},"s":{"0":1,"1":1,"2":1,"3":1,"4":1,"5":1,"6":4,"7":4,"8":4,"9":1,"10":4,"11":1,"12":1,"13":3,"14":1,"15":1},"f":{"0":1,"1":4,"2":4},"b":{"0":[1,0],"1":[1,1],"2":[1,3]},"inputSourceMap":{"version":3,"names":["validateSchema","schema","body","res","next","validate","error","errors","details","map","err","message","helper","handleError","BAD_REQUEST","replace","response"],"sourceRoot":"D:\\Projects\\Assignment\\montech-assignment\\src\\v1\\middlewares\\","sources":["validateSchema.js"],"sourcesContent":["import { BAD_REQUEST } from 'http-status';\r\nimport helper from '../helpers/responseHelper';\r\n\r\n/**\r\n   * Handle Success.\r\n   * @param {object} schema schema.\r\n   * @param {object} body user body request.\r\n   * @param {object} res data response.\r\n   * @param {object} next move.\r\n   * @returns {object} response.\r\n   */\r\nconst validateSchema = (schema, body, res, next) => {\r\n  const { error } = schema.validate(body);\r\n\r\n  if (error) {\r\n    const errors = error.details.map((err) => err.message);\r\n    helper.handleError(BAD_REQUEST, errors[0].replace(/\"/g, ''));\r\n    return helper.response(res);\r\n  }\r\n\r\n  return next();\r\n};\r\n\r\nexport default validateSchema;\r\n"],"mappings":";;;;;;AAAA;AACA;AAA+C;AAE/C;AACA;AACA;AACA;AACA;AACA;AACA;AACA;AACA,IAAMA,cAAc,GAAG,SAAjBA,cAAc,CAAIC,MAAM,EAAEC,IAAI,EAAEC,GAAG,EAAEC,IAAI,EAAK;EAClD,uBAAkBH,MAAM,CAACI,QAAQ,CAACH,IAAI,CAAC;IAA/BI,KAAK,oBAALA,KAAK;EAEb,IAAIA,KAAK,EAAE;IACT,IAAMC,MAAM,GAAGD,KAAK,CAACE,OAAO,CAACC,GAAG,CAAC,UAACC,GAAG;MAAA,OAAKA,GAAG,CAACC,OAAO;IAAA,EAAC;IACtDC,0BAAM,CAACC,WAAW,CAACC,uBAAW,EAAEP,MAAM,CAAC,CAAC,CAAC,CAACQ,OAAO,CAAC,IAAI,EAAE,EAAE,CAAC,CAAC;IAC5D,OAAOH,0BAAM,CAACI,QAAQ,CAACb,GAAG,CAAC;EAC7B;EAEA,OAAOC,IAAI,EAAE;AACf,CAAC;AAAC,eAEaJ,cAAc;AAAA"},"_coverageSchema":"1a1c01bbd47fc00a2c39e90264f33305004495a9","hash":"a70a4359f77486931da02241fc21e1022950158d","contentHash":"27e6350824dadbb7b767945f0ebfc422d1ef06ba789c2487c1da9b685bfcc704"}}